time ax ay az wx wy wz hm
481294597 -00.169035 +00.067096 -09.632765 +0.003353 +0.000389 +0.004181 +09.65
481294602 -00.169035 +00.067096 -09.632765 +0.003182 -0.006986 +0.003225 +05.21
481294607 -00.294639 +00.023988 -09.643887 +0.002381 -0.001077 +0.005118 +06.95
481294612 -00.140083 -00.113616 -09.691793 +0.001949 +0.009879 +0.003248 +04.45
481294617 +00.053385 +00.044288 -09.702534 +0.005767 +0.010501 +0.005305 +16.71
481294622 -00.104852 +00.269954 -09.929809 -0.000357 -0.000006 +0.007625 +16.71
481294627 -00.162855 +00.198410 -09.945443 -0.000357 -0.000006 +0.007625 +10.88
481294632 -00.162855 +00.198410 -09.945443 -0.000208 -0.001304 +0.008409 +00.59
481294637 -00.061876 +00.126314 -09.850182 -0.000131 +0.002192 +0.001343 +02.18
481294642 -00.158910 -00.050773 -09.800736 +0.000496 -0.005022 +0.000548 +11.04
481294647 -00.298591 -00.064489 -09.911633 +0.003487 +0.000183 +0.006853 +06.27
481294652 -00.187796 -00.060141 -09.829669 +0.000320 +0.007738 +0.005911 +06.27
481294657 +00.034476 +00.192556 -09.758088 +0.002067 +0.008685 +0.007333 +06.38
481294662 +00.034476 +00.192556 -09.758088 +0.008135 +0.004061 +0.006560 +01.31
481294667 -00.028032 +00.231078 -09.820079 +0.000417 +0.001710 +0.010774 +08.07
481294672 -00.047819 +00.068345 -09.755508 -0.004968 -0.002858 +0.004304 +11.70
481294677 -00.154532 +00.010087 -09.657122 -0.004968 -0.002858 +0.004304 +01.78
481294682 -00.352505 -00.037749 -09.692738 +0.003342 -0.004907 +0.003858 +01.78
481294687 -00.168844 -00.122716 -09.754054 +0.004551 +0.001208 +0.012830 +09.46
481294692 -00.168844 -00.122716 -09.754054 +0.003657 +0.008356 +0.008124 +12.21
481294697 +00.078204 +00.145644 -09.843977 +0.001930 +0.007766 +0.004659 +08.96
481294702 -00.071266 +00.221986 -09.887228 -0.003629 +0.004929 +0.000235 +07.13
481294707 -00.139025 +00.078882 -09.903793 -0.005539 +0.002697 -0.001189 +08.67
481294712 -00.168615 -00.017600 -09.776619 -0.005539 +0.002697 -0.001189 +08.67
481294716 -00.241330 -00.042096 -09.715634 -0.003634 +0.001882 -0.000084 +07.70
481294721 -00.241330 -00.042096 -09.715634 -0.002698 -0.001033 +0.001486 +09.38
481294726 -00.284273 +00.006504 -09.839241 +0.000397 +0.001035 +0.012658 +00.39
481294731 -00.090633 +00.093444 -09.922248 -0.002818 +0.004506 +0.015639 +09.66
481294736 +00.020511 +00.212677 -09.891304 +0.002190 +0.006539 +0.010630 +16.69
481294741 -00.013616 +00.135838 -09.835365 -0.000304 +0.007924 +0.004338 +16.69
481294746 -00.033417 +00.082453 -09.726645 -0.000793 -0.002968 +0.002275 +18.52
481294751 -00.033417 +00.082453 -09.726645 +0.002695 -0.005242 +0.004484 +11.64
481294756 -00.173868 +00.105125 -09.618071 +0.001269 -0.003466 +0.003696 +07.03
481294761 -00.338082 +00.004936 -09.658775 -0.000288 -0.001161 +0.000080 +10.07
481294766 -00.135343 -00.128067 -09.672875 -0.000488 +0.005001 +0.006061 +12.99
481294771 -00.008977 +00.059347 -09.812420 +0.005749 +0.006152 +0.005927 +12.99
481294776 -00.138890 +00.259885 -09.873080 +0.005732 -0.000114 +0.005917 +06.10
481294781 -00.138890 +00.259885 -09.873080 -0.003504 +0.001510 +0.002902 +04.39
481294786 -00.124212 +00.160451 -09.959843 -0.003953 +0.006519 +0.001180 +09.32
481294791 -00.028272 +00.078384 -09.812362 -0.004184 +0.001595 +0.007143 +07.52
481294796 -00.216655 -00.036163 -09.853445 -0.004184 +0.001595 +0.007143 +04.16
481294801 -00.265032 -00.079226 -09.849612 -0.003230 -0.009123 +0.004615 +04.16
481294806 -00.110363 +00.040213 -09.832573 +0.001912 -0.000741 +0.004174 +06.85
481294811 -00.110363 +00.040213 -09.832573 -0.003529 +0.007700 +0.007312 +05.99
481294816 +00.077994 +00.187992 -09.772050 -0.000657 +0.012179 +0.009058 +13.80
481294821 +00.029525 +00.235086 -09.710009 -0.005609 +0.006889 +0.007304 +06.63
481294826 -00.096372 +00.039169 -09.699131 -0.002864 +0.003432 +0.003379 +00.22
481294831 -00.246350 -00.037759 -09.663246 +0.001951 -0.002108 -0.000386 +00.22
481294836 -00.405559 -00.047207 -09.717119 +0.002018 -0.007232 +0.007936 +07.52
481294841 -00.405559 -00.047207 -09.717119 +0.003457 +0.002846 +0.010786 +10.30
481294846 -00.183021 -00.074516 -09.820274 +0.002540 +0.011232 +0.008753 +12.52
481294851 +00.058904 +00.174181 -09.839045 +0.000597 +0.007342 +0.010312 +07.46
481294856 -00.047158 +00.217191 -09.877552 -0.004291 -0.000231 +0.001168 +11.91
481294861 -00.100602 +00.035694 -09.861113 -0.009733 -0.002023 +0.001461 +11.91
481294866 -00.125129 +00.020568 -09.766267 -0.005868 -0.000996 -0.001353 +11.88
481294871 -00.125129 +00.020568 -09.766267 +0.000826 -0.003882 -0.000235 +10.46
481294876 -00.212389 -00.018342 -09.696055 +0.000826 -0.003882 -0.000235 +13.23
481294881 -00.177766 +00.016763 -09.900101 +0.000845 +0.002866 -0.000224 +02.08
481294886 -00.008640 +00.098116 -09.888149 +0.005554 +0.004008 +0.009066 +04.35
481294891 -00.056870 +00.231325 -09.858421 -0.001167 +0.006846 +0.010776 +04.35
481294896 -00.076531 +00.149708 -09.797652 -0.002255 +0.004339 +0.006840 +06.45
481294901 -00.076531 +00.149708 -09.797652 -0.003800 -0.000207 -0.000088 +14.24
481294906 -00.115523 +00.072782 -09.732233 -0.002858 +0.000246 +0.001802 +08.58
481294911 -00.256013 +00.066839 -09.623998 +0.000010 -0.003757 +0.001648 +03.67
481294916 -00.338203 -00.019103 -09.635250 +0.005140 +0.000129 +0.001043 +07.98
481294921 -00.101391 -00.075381 -09.691005 +0.007216 +0.012764 +0.004842 +07.98
481294926 -00.013547 +00.174030 -09.839675 +0.003983 +0.014764 +0.009235 +11.48
481294931 -00.013547 +00.174030 -09.839675 +0.001102 +0.006271 +0.007326 +10.48
481294936 -00.138969 +00.240693 -09.859022 -0.003250 +0.001073 +0.009660 +10.64
481294941 -00.095268 +00.146165 -09.954999 -0.003873 +0.003818 +0.008719 +12.28
481294946 -00.057565 +00.044364 -09.741590 -0.000793 +0.004387 +0.004330 +04.92
481294951 -00.250534 -00.060157 -09.844499 +0.002557 -0.002966 +0.002915 +04.92
481294956 -00.284250 -00.069536 -09.873473 +0.003471 -0.001925 +0.007949 +14.56
481294961 -00.284250 -00.069536 -09.873473 +0.003471 -0.001925 +0.007949 +15.44
481294966 -00.076486 +00.049937 -09.846450 +0.005770 +0.009387 +0.004675 +11.77
481294971 -00.008957 +00.221081 -09.758127 +0.001576 +0.015856 +0.010643 +17.72
481294976 -00.004016 +00.197552 -09.796457 -0.008154 +0.008020 +0.006354 +07.11
481294981 -00.086748 +00.039112 -09.689524 -0.007366 +0.003846 +0.006350 +07.11
481294986 -00.289788 +00.000267 -09.658411 +0.002250 +0.007928 +0.004661 +14.02
481294991 -00.289788 +00.000267 -09.658411 +0.001464 +0.001234 +0.001347 +04.43
481294996 -00.309026 -00.085198 -09.711969 +0.001081 +0.004634 +0.009052 +08.56
481295001 -00.052592 -00.021898 -09.804235 -0.000468 +0.012231 +0.006073 +00.94
481295006 +00.068449 +00.207241 -09.795715 -0.001248 +0.007626 +0.002762 +09.68
481295011 -00.100311 +00.159964 -09.892975 +0.000960 -0.000892 +0.003385 +09.68
481295016 -00.105311 +00.059722 -09.884679 +0.000007 -0.000884 +0.002753 +05.59
481295021 -00.105311 +00.059722 -09.884679 -0.001564 -0.004518 -0.001187 +02.57
481295026 -00.134940 -00.013067 -09.738178 -0.000602 -0.001312 -0.000550 +01.03
481295031 -00.250660 -00.008117 -09.791504 -0.001924 -0.000115 +0.004319 +08.22
481295036 -00.182692 +00.011792 -09.876393 +0.004628 +0.009021 +0.007028 +04.49
481295041 -00.032645 +00.126911 -09.916588 +0.004767 +0.008983 +0.009228 +04.49
481295046 -00.100082 +00.198502 -09.940136 +0.004767 +0.008983 +0.009228 +04.04
481295051 -00.100082 +00.198502 -09.940136 +0.000813 +0.007125 +0.004340 +02.48
481295056 -00.047574 +00.078383 -09.817292 +0.003245 +0.001921 -0.000846 +06.69
481295061 -00.100894 +00.096889 -09.760392 -0.003990 -0.000262 +0.003055 +06.60
481295066 -00.270534 +00.057232 -09.619476 -0.006690 -0.000561 +0.001159 +10.46
481295071 -00.256050 -00.080664 -09.668599 -0.001917 +0.001336 +0.004007 +10.46
481295076 -00.019104 -00.036787 -09.723168 +0.001537 +0.006513 +0.012042 +10.96
481295081 -00.019104 -00.036787 -09.723168 -0.001141 +0.013607 +0.010002 +08.90
481295086 -00.023377 +00.206935 -09.782229 -0.002893 +0.000663 +0.005574 +06.44
481295091 -00.128859 +00.284480 -09.963178 -0.001033 -0.004711 +0.010130 +14.02
481295096 -00.061566 +00.131735 -09.931067 -0.001033 -0.004711 +0.010130 +11.73
481295101 -00.096096 +00.006474 -09.785229 +0.001032 +0.001477 -0.003526 +11.73
481295106 -00.269937 -00.055620 -09.820804 +0.005643 +0.000332 -0.001312 +11.05
481295111 -00.269937 -00.055620 -09.820804 +0.004605 -0.001733 +0.006382 +11.45
481295116 -00.221375 -00.059713 -09.891860 +0.003011 +0.007702 +0.008592 +11.51
481295121 +00.010358 +00.083196 -09.807209 +0.000281 +0.008787 +0.010313 -02.09
481295126 -00.027852 +00.245731 -09.862761 -0.001622 +0.006089 +0.007945 +14.02
481295131 -00.057187 +00.140286 -09.807119 -0.001622 +0.006089 +0.007945 +14.02
481295136 -00.125279 +00.001223 -09.733164 -0.000480 -0.000420 +0.003695 +14.72
481295141 -00.125279 +00.001223 -09.733164 -0.001556 +0.005569 +0.000872 +12.35
481295146 -00.314054 -00.033322 -09.639971 +0.001972 +0.007682 +0.000259 +16.16
481295151 -00.342618 -00.094308 -09.774273 +0.003149 +0.001908 +0.009212 +06.08
481295156 -00.023527 -00.012145 -09.822915 +0.003990 +0.007741 +0.006552 +14.37
481295161 +00.058871 +00.202643 -09.819661 +0.001123 +0.006788 +0.005284 +14.37
481295166 -00.085780 +00.150571 -09.907245 -0.000048 +0.004132 +0.009990 +16.34
481295171 -00.085780 +00.150571 -09.907245 -0.005028 +0.000391 +0.011539 +12.03
481295176 -00.081352 +00.049850 -09.836969 -0.003954 +0.002840 +0.000231 +08.60
481295181 -00.130207 -00.032288 -09.719317 -0.000996 +0.001111 +0.007939 +09.95
481295186 -00.303899 -00.022727 -09.768329 +0.001508 -0.001853 +0.012657 +08.00
481295191 -00.201998 -00.031019 -09.896114 +0.004138 +0.005002 +0.007020 +08.00
481295196 +00.020400 +00.169638 -09.877528 +0.004151 +0.009983 +0.007028 -01.21
481295201 +00.020400 +00.169638 -09.877528 +0.002829 +0.005583 +0.010317 -01.22
481295206 -00.057023 +00.183440 -09.835179 +0.002345 +0.003975 +0.010312 +03.61
481295211 -00.028462 +00.082732 -09.759932 +0.002077 -0.000890 +0.003546 +10.14
481295216 -00.173623 +00.115163 -09.679855 +0.002077 -0.000890 +0.003546 +09.81
481295221 -00.309026 +00.047958 -09.662776 -0.001234 -0.004179 -0.002128 +09.81
481295226 -00.241476 -00.085211 -09.692336 -0.001278 -0.002820 +0.002903 +09.04
481295231 -00.241476 -00.085211 -09.692336 +0.000962 +0.009824 +0.006231 +06.95
481295236 +00.038691 -00.041781 -09.679869 +0.000144 +0.016822 +0.010168 +11.51
481295241 -00.003894 +00.221590 -09.819982 +0.004487 +0.010333 +0.005458 +09.12
481295246 -00.177227 +00.260457 -09.954358 +0.003181 +0.004844 +0.006702 +10.64
481295251 -00.090590 +00.112560 -09.926784 -0.003069 +0.001591 +0.007618 +10.64
481295256 -00.120395 +00.001348 -09.747405 +0.001175 -0.000791 -0.002429 +09.10
481295261 -00.120395 +00.001348 -09.747405 -0.001378 -0.006069 -0.004332 +05.27
481295266 -00.327797 -00.060279 -09.849932 +0.001294 +0.001533 +0.002604 +07.94
481295271 -00.211848 -00.026691 -09.843768 +0.006206 +0.007072 +0.008602 +07.87
481295276 +00.015310 +00.121514 -09.825760 +0.007667 +0.010475 +0.007198 +06.75
481295281 -00.057208 +00.244865 -09.763026 +0.000373 +0.007354 +0.000253 +06.75
481295286 -00.042762 +00.078354 -09.812488 -0.004430 +0.003644 +0.000073 +07.46
481295291 -00.042762 +00.078354 -09.812488 -0.005250 +0.002165 +0.001797 +12.57
481295296 -00.168984 -00.027906 -09.681506 -0.005250 +0.002165 +0.001797 +06.61
481295301 -00.289683 -00.028042 -09.696840 -0.001251 +0.003465 +0.001813 +08.96
481295306 -00.226892 -00.094489 -09.720890 -0.000161 +0.001659 +0.004328 +13.38
481295311 +00.039459 +00.040716 -09.855077 +0.000808 +0.007117 +0.004812 +13.38
481295316 +00.010895 +00.246042 -09.890993 +0.009952 +0.014247 +0.003283 +09.63
481295321 +00.010895 +00.246042 -09.890993 -0.000338 +0.010261 +0.008584 +08.33
481295326 -00.085858 +00.079070 -09.912853 -0.004471 +0.001972 +0.003842 +15.99
481295331 -00.095845 +00.021281 -09.846957 -0.005417 +0.001192 +0.002266 +06.44
481295336 -00.202703 -00.065823 -09.720342 -0.003269 +0.002126 -0.004797 +12.66
481295341 -00.308709 +00.005840 -09.763271 +0.001443 +0.003113 +0.004179 +12.66
481295346 -00.124722 +00.045221 -09.865971 +0.001857 +0.003317 +0.011095 +13.53
481295351 -00.124722 +00.045221 -09.865971 +0.006547 +0.014305 +0.008457 +09.04
481295356 +00.034929 +00.198284 -09.877063 +0.004646 +0.007294 +0.004668 +16.52
481295361 -00.047172 +00.193383 -09.882595 -0.003504 +0.000551 +0.002586 +14.69
481295366 -00.033192 +00.063913 -09.793528 -0.000150 -0.002957 +0.001806 +07.09
481295371 -00.188186 +00.034132 -09.690463 +0.003235 +0.001902 +0.000254 +07.09
481295376 -00.265547 +00.014778 -09.677077 -0.002078 -0.002343 +0.003058 +09.56
481295381 -00.265547 +00.014778 -09.677077 -0.002078 -0.002343 +0.003058 +09.44
481295386 -00.130345 -00.108673 -09.710697 +0.005900 +0.008214 +0.007502 +13.30
481295391 -00.009202 +00.063618 -09.750467 +0.010593 +0.012174 +0.002496 +13.02
481295396 -00.138983 +00.216885 -09.864066 +0.004241 +0.004581 +0.012834 +21.44
481295401 -00.138632 +00.212883 -09.959348 -0.002972 -0.003318 +0.012797 +21.44
481295406 -00.042587 +00.102508 -09.850296 -0.003964 -0.000055 +0.000383 +04.43
481295411 -00.042587 +00.102508 -09.850296 +0.001032 +0.008193 -0.001629 +06.38
481295416 -00.178302 -00.050966 -09.781859 +0.001032 +0.008193 -0.001629 +08.41
481295421 -00.294080 -00.036631 -09.816027 -0.001150 -0.003516 +0.006045 +09.63
481295426 -00.149150 -00.002983 -09.809610 +0.004775 +0.009158 +0.008443 +03.64
481295431 +00.048952 +00.168778 -09.763005 +0.003498 +0.012513 +0.009230 +03.64
481295436 +00.010637 +00.278775 -09.809656 -0.002579 +0.001293 +0.006362 +07.74
481295441 +00.010637 +00.278775 -09.809656 -0.003971 +0.002649 +0.001959 +08.25
481295446 -00.013908 +00.063876 -09.783838 -0.000099 +0.000651 -0.002431 +10.83
481295451 -00.197761 -00.008505 -09.729145 +0.005304 -0.007057 -0.001482 +11.14
481295456 -00.391100 -00.056753 -09.712344 +0.004666 -0.002261 -0.000219 +08.90
481295461 -00.173655 -00.108418 -09.753927 +0.001125 +0.007752 +0.005285 +08.90
481295466 +00.053966 +00.159671 -09.815450 +0.001125 +0.007752 +0.005285 +08.32
481295471 +00.053966 +00.159671 -09.815450 -0.000334 +0.011707 +0.008587 +03.86
481295476 -00.056980 +00.202556 -09.839715 -0.000653 +0.004832 +0.006532 +11.57
481295481 -00.119706 +00.064653 -09.908555 -0.000335 +0.002592 +0.006058 +06.39
481295486 -00.159063 +00.034499 -09.728301 -0.002194 +0.005248 +0.000712 +16.35
481295491 -00.222094 -00.051748 -09.696534 +0.001615 -0.000380 +0.001816 +16.35
481295496 -00.250590 -00.022233 -09.815480 +0.001771 +0.000092 +0.002446 +07.21
481295501 -00.250590 -00.022233 -09.815480 +0.000851 +0.007833 +0.000570 +09.58
481295506 -00.061841 +00.045543 -09.889232 +0.006295 +0.009631 -0.000038 +07.52
481295511 +00.015919 +00.217935 -09.953186 +0.001180 +0.013607 +0.001209 +11.77
481295516 -00.028139 +00.164270 -09.816108 +0.001169 +0.009430 +0.001202 +00.09
481295521 -00.028411 +00.054308 -09.784077 -0.004289 +0.006809 +0.002908 +00.09
481295526 -00.140051 +00.109965 -09.617721 -0.000834 -0.001761 +0.006835 +10.38
481295531 -00.140051 +00.109965 -09.617721 +0.002472 -0.006637 +0.010767 +15.36
481295536 -00.313737 -00.008861 -09.715869 +0.002324 -0.002939 +0.010615 +10.46
481295541 -00.106249 -00.123007 -09.701134 +0.001701 +0.007959 +0.012045 -01.24
481295546 -00.023434 +00.097433 -09.807333 +0.002223 +0.011237 +0.008438 +11.93
481295551 -00.134067 +00.307434 -09.853429 +0.002223 +0.011237 +0.008438 +11.93
481295556 -00.133960 +00.174508 -09.931190 -0.001488 +0.004124 +0.010142 +04.16
481295561 -00.133960 +00.174508 -09.931190 -0.002406 +0.002116 +0.005264 +02.23
481295566 -00.038021 +00.078172 -09.788640 +0.001517 +0.001808 -0.003995 +10.07
481295571 -00.231413 -00.036769 -09.782152 +0.000525 -0.003690 -0.002122 +05.38
481295576 -00.308298 -00.059855 -09.897377 -0.002741 +0.002088 +0.006834 +05.80
481295581 -00.090749 -00.006672 -09.928195 +0.000753 +0.006537 +0.010468 +05.80
481295586 +00.087816 +00.202627 -09.809887 +0.001395 +0.012141 +0.011737 +10.97
481295591 +00.087816 +00.202627 -09.809887 -0.002904 +0.006398 +0.008412 +03.71
481295596 +00.044183 +00.187922 -09.772344 -0.000337 -0.000610 +0.005424 +08.09
481295601 -00.062275 +00.054122 -09.770087 -0.003976 -0.003434 +0.000692 +04.01
481295606 -00.265651 -00.023491 -09.663245 -0.000127 -0.007233 -0.001815 +07.96
481295611 -00.415197 -00.056689 -09.726838 +0.003645 +0.002898 +0.007800 +07.96
481295616 -00.163725 -00.079283 -09.815401 +0.003668 +0.011414 +0.007814 +10.14
481295621 -00.163725 -00.079283 -09.815401 +0.003165 +0.014887 +0.011275 +06.18
481295626 +00.078183 +00.169375 -09.829411 -0.002512 +0.014364 +0.003083 +04.00
481295631 -00.056844 +00.183824 -09.882792 -0.003295 +0.007994 -0.000387 +12.36
481295636 -00.115254 +00.021049 -09.823318 -0.003295 +0.007994 -0.000387 +10.74
481295641 -00.105859 -00.017546 -09.766550 -0.007599 +0.006720 -0.001976 +10.74
481295646 -00.231401 +00.039348 -09.757442 -0.004405 -0.000308 -0.003705 +11.75
481295651 -00.231401 +00.039348 -09.757442 +0.001400 -0.001600 +0.007314 +10.48
481295656 -00.211503 -00.021193 -09.934176 +0.003988 +0.008057 +0.006867 +07.03
481295661 -00.042409 +00.102891 -09.897909 +0.005595 +0.013675 +0.007510 +06.33
481295666 -00.003646 +00.207858 -09.891570 +0.004884 +0.006030 +0.012839 +15.71
481295671 -00.076723 +00.125516 -09.755083 -0.000232 +0.004728 +0.012662 +15.71
481295676 -00.110682 +00.068061 -09.737009 -0.002886 +0.002114 +0.005262 +05.40
481295681 -00.110682 +00.068061 -09.737009 -0.006225 -0.009379 +0.000204 +09.53
481295686 -00.255994 +00.081146 -09.623829 -0.000857 -0.008839 +0.007295 +15.54
481295691 -00.352515 -00.018749 -09.682989 +0.001886 +0.001451 +0.007478 +09.17
481295696 -00.087061 -00.075696 -09.648027 -0.002751 +0.015339 +0.011728 -01.19
481295701 +00.000667 +00.140177 -09.778048 -0.000459 +0.015605 +0.006078 -01.19
481295706 -00.143779 +00.269260 -09.853964 -0.007675 +0.008341 +0.006513 +01.23
481295711 -00.143779 +00.269260 -09.853964 -0.006890 -0.000474 +0.005402 +05.59
481295716 -00.075743 +00.179935 -09.997287 -0.006890 -0.000474 +0.005402 +14.97
481295721 -00.052488 +00.068680 -09.798401 -0.003048 +0.001629 +0.005418 +08.95
481295726 -00.289293 -00.055737 -09.811449 +0.003298 -0.004826 +0.008416 +07.01
481295731 -00.265066 -00.065033 -09.835159 +0.003263 -0.004569 +0.012188 +07.01
481295736 -00.028333 +00.059231 -09.803065 +0.001581 +0.006752 +0.007485 +07.01
481295741 -00.028333 +00.059231 -09.803065 +0.001301 +0.010980 +0.004505 +07.46
481295746 +00.029694 +00.202161 -09.767539 +0.001876 +0.001593 +0.008578 +08.43
481295751 -00.066928 +00.173383 -09.773479 -0.003879 -0.000670 +0.008083 -03.09
481295756 -00.130179 +00.015328 -09.709230 -0.001877 -0.002749 -0.001343 +04.59
481295761 -00.323542 -00.037727 -09.687724 +0.000660 -0.000857 +0.001341 +04.59
481295766 -00.328458 -00.061699 -09.673765 -0.004652 +0.001133 +0.005883 +08.19
481295771 -00.328458 -00.061699 -09.673765 -0.001449 +0.011229 +0.008111 +13.65
481295776 -00.062142 -00.059727 -09.847622 +0.004298 +0.011718 +0.008917 +04.04
481295781 +00.049133 +00.197701 -09.800757 -0.000941 +0.011922 +0.005285 +10.07
481295786 -00.114506 +00.208125 -09.954433 -0.000813 +0.003552 +0.006215 +08.53
481295791 -00.081215 +00.045388 -09.875116 +0.001004 +0.002066 -0.000382 +08.53
481295796 -00.154523 -00.023183 -09.671801 +0.002576 -0.003571 +0.000714 +11.54
481295801 -00.154523 -00.023183 -09.671801 +0.002576 -0.003571 +0.000714 +06.28
481295806 -00.265389 -00.013415 -09.729790 +0.003219 -0.001643 +0.000877 +02.91
481295811 -00.230816 -00.002195 -09.929357 +0.003985 +0.003736 +0.005917 +01.80
481295816 +00.001177 +00.122251 -09.921112 +0.001614 +0.011607 +0.005450 +03.74
481295821 -00.080976 +00.198082 -09.882833 -0.005426 +0.008850 +0.005422 +03.74
481295826 -00.028179 +00.121385 -09.821377 -0.002402 -0.001713 +0.003686 +08.67
481295831 -00.028179 +00.121385 -09.821377 -0.003518 +0.004203 +0.005106 +05.40
481295836 -00.154339 +00.048548 -09.694761 -0.003518 +0.004203 +0.005106 +02.80
481295841 -00.246211 +00.052896 -09.666935 +0.002084 -0.002156 +0.002444 +00.52
481295846 -00.280113 -00.109061 -09.702477 +0.005426 +0.005663 +0.006239 +03.67
481295851 -00.029053 -00.080230 -09.661864 +0.010219 +0.011435 +0.007994 +03.67
481295856 -00.052129 +00.231143 -09.834573 +0.003988 +0.006938 +0.006551 +12.38
481295861 -00.052129 +00.231143 -09.834573 -0.001815 +0.002192 +0.010295 +07.21
481295866 -00.148077 +00.294171 -09.987040 -0.000819 +0.006738 +0.007791 +03.56
481295871 -00.056744 +00.112707 -09.936013 -0.003981 +0.004231 +0.003376 +07.15
481295876 -00.081743 -00.003303 -09.751887 -0.005416 +0.002154 +0.002425 +05.54
481295881 -00.284649 -00.075149 -09.768782 +0.000599 -0.004964 +0.006520 +05.54
481295886 -00.192613 -00.050613 -09.829598 +0.000599 -0.004964 +0.006520 +09.74
481295891 -00.192613 -00.050613 -09.829598 +0.002137 -0.001709 +0.013760 +07.98
481295896 +00.025052 +00.102687 -09.854470 +0.001375 +0.004589 +0.011724 +09.84
481295901 -00.042274 +00.283894 -09.867197 +0.003142 +0.006211 +0.011262 -00.29
481295906 -00.047546 +00.125999 -09.807205 -0.004014 +0.000814 +0.005885 +06.75
481295911 -00.149591 -00.013443 -09.695453 -0.005060 +0.002860 -0.001187 +06.75
481295916 -00.318778 -00.047371 -09.673511 +0.000953 -0.001224 +0.004013 +10.80
481295921 -00.318778 -00.047371 -09.673511 +0.003455 -0.003393 +0.009204 +04.74
481295926 -00.289686 -00.123159 -09.731298 +0.001250 +0.006092 +0.008426 +08.60
481295931 -00.028356 +00.068692 -09.793430 +0.002109 +0.012437 +0.004039 +06.73
481295936 +00.034723 +00.231132 -09.810010 +0.002093 +0.006653 +0.004029 +02.48
481295941 -00.081056 +00.098042 -09.898302 +0.000152 +0.004045 +0.005747 +02.48
481295946 -00.091258 +00.025523 -09.780200 -0.003685 +0.001471 +0.005102 +14.02
481295951 -00.091258 +00.025523 -09.780200 -0.002611 +0.006479 -0.005574 +02.66
481295956 -00.154497 -00.056415 -09.691241 +0.001772 +0.005051 +0.003711 +08.41
481295961 -00.265265 -00.027416 -09.768049 +0.002347 +0.003978 +0.010155 +04.12
481295966 -00.163366 +00.002332 -09.881099 +0.003816 +0.007395 +0.007965 +05.24
481295971 +00.010825 +00.193580 -09.891614 +0.003816 +0.007395 +0.007965 +05.24
481295976 -00.095452 +00.221859 -09.877915 +0.000054 +0.008314 +0.000410 +09.99
481295981 -00.095452 +00.221859 -09.877915 -0.002542 +0.005037 +0.003540 +19.96
481295986 -00.095845 +00.021281 -09.846957 -0.000493 +0.004193 +0.006374 +00.41
481295991 -00.159327 +00.076732 -09.642090 -0.000661 -0.006534 +0.004156 +08.32
481295996 -00.304106 -00.004149 -09.706206 -0.000674 -0.010554 +0.004307 +13.05
481296001 -00.188241 -00.113409 -09.730303 -0.001921 -0.000910 +0.003846 +13.05
481296006 +00.033982 +00.048825 -09.678839 -0.000148 +0.015912 +0.007023 +04.68
481296011 +00.033982 +00.048825 -09.678839 +0.000303 +0.016180 +0.010168 +06.89
481296016 -00.095458 +00.283668 -09.853375 -0.002314 +0.004233 +0.012969 +09.66
481296021 -00.148134 +00.251247 -09.987548 -0.002560 +0.005005 +0.005425 +13.63
481296026 -00.023041 +00.098277 -09.912081 -0.007775 +0.006210 -0.000405 +05.96
481296031 -00.115569 -00.041451 -09.762155 -0.000820 +0.004979 +0.007317 +05.96
481296036 -00.299236 -00.094410 -09.750088 +0.004752 -0.003195 +0.007323 +04.04
481296041 -00.299236 -00.094410 -09.750088 +0.003165 +0.002096 +0.007640 +07.38
481296046 -00.207050 -00.050528 -09.844008 +0.002193 +0.010063 +0.011264 +11.05
481296051 +00.024873 +00.168881 -09.782260 +0.001384 +0.005886 +0.011098 +04.55
481296056 -00.047378 +00.278539 -09.795876 +0.001384 +0.005886 +0.011098 +10.17
481296061 -00.038279 +00.058596 -09.726969 -0.001798 +0.007017 +0.009989 +10.17
481296066 -00.202687 -00.013476 -09.705437 -0.001731 +0.002663 +0.001653 +12.80
481296071 -00.202687 -00.013476 -09.705437 +0.003547 -0.001786 -0.000065 +03.51
481296076 -00.352368 +00.024366 -09.706288 +0.001445 +0.000080 +0.003074 +09.66
481296081 -00.173638 -00.122649 -09.763619 +0.002342 +0.001731 +0.009994 +00.88
481296086 +00.092528 +00.073981 -09.825653 +0.002558 +0.010146 +0.006551 +05.05
481296091 -00.013320 +00.250608 -09.872101 +0.000511 +0.010832 +0.003559 +05.05
481296096 -00.143833 +00.121719 -09.893804 -0.000017 +0.004189 +0.006690 +11.23
481296101 -00.143833 +00.121719 -09.893804 -0.007320 +0.002171 +0.001004 +10.96
481296106 -00.115332 +00.016126 -09.804329 -0.005031 -0.002685 -0.005754 +15.72
481296111 -00.212433 -00.051727 -09.696450 +0.005829 +0.000539 -0.003983 +06.44
481296116 -00.274687 -00.022168 -09.829973 +0.000736 +0.004748 +0.011722 +12.11
481296121 -00.148639 -00.006639 -09.947744 -0.001654 +0.006351 +0.011403 +12.11
481296126 -00.013181 +00.208106 -09.924983 +0.002223 +0.007239 +0.007331 +05.81
481296131 -00.013181 +00.208106 -09.924983 +0.001228 +0.008129 +0.011415 +14.03
481296136 -00.081130 +00.202505 -09.839925 +0.001228 +0.008129 +0.011415 +06.33
481296141 -00.071977 +00.049256 -09.760705 -0.000688 +0.008764 +0.011410 +08.00
481296146 -00.169261 +00.071367 -09.570811 -0.002193 +0.001732 -0.000394 +05.73
481296151 -00.265665 +00.019279 -09.643691 -0.002542 -0.005994 +0.000379 +05.73
481296156 -00.115871 -00.094412 -09.700879 +0.002087 -0.000073 +0.002761 +16.68
481296161 -00.115871 -00.094412 -09.700879 +0.004169 +0.011614 +0.005616 +09.04
481296166 +00.000635 +00.049752 -09.802926 +0.006549 +0.009673 +0.006878 +18.67
481296171 -00.143627 +00.302875 -09.882137 -0.001706 +0.001460 +0.015481 -00.23
481296176 -00.201448 +00.207944 -09.955189 -0.004797 -0.000918 +0.003679 +03.16
481296181 -00.037824 +00.092864 -09.836083 -0.001555 +0.005250 +0.000714 +03.16
481296186 -00.139577 -00.041194 -09.800455 +0.001486 +0.004790 +0.000095 +08.46
481296191 -00.139577 -00.041194 -09.800455 -0.000625 +0.004562 +0.003545 +10.35
481296196 -00.322906 -00.041115 -09.859187 +0.000602 +0.009750 +0.010473 +06.67
481296201 -00.148699 -00.011524 -09.933517 -0.000852 +0.011634 +0.012671 +01.29
481296206 +00.097318 +00.230841 -09.757090 -0.003052 +0.008017 +0.007629 +08.89
481296211 +00.029827 +00.288046 -09.771285 -0.001400 +0.004124 +0.000870 +08.89
481296216 -00.047890 +00.068192 -09.736463 +0.000354 +0.001883 +0.000716 +10.69
481296221 -00.047890 +00.068192 -09.736463 +0.000354 +0.001883 +0.000716 +02.16
481296226 -00.236590 +00.010031 -09.672120 +0.007487 -0.002991 +0.005447 +07.71
481296231 -00.313775 -00.037477 -09.716208 +0.003311 +0.000953 +0.008739 -01.25
481296236 -00.149288 -00.079368 -09.800991 +0.005594 +0.002963 +0.004507 +06.78
481296241 +00.102176 +00.145311 -09.796154 +0.005995 +0.003142 +0.012838 +06.78
481296246 -00.104940 +00.217454 -09.925668 -0.001319 +0.005260 +0.009516 +09.13
481296251 -00.104940 +00.217454 -09.925668 -0.002303 +0.002653 +0.011394 +03.49
481296256 -00.158302 +00.031380 -09.933093 -0.002314 -0.001363 +0.011388 +14.99
481296261 -00.120403 -00.017691 -09.752392 +0.002933 +0.002252 -0.001475 +09.81
481296266 -00.217134 +00.005609 -09.710099 +0.001266 +0.002282 +0.005748 +04.04
481296271 -00.202317 -00.069748 -09.825146 +0.004280 +0.003693 +0.008433 +04.04
481296276 -00.071229 +00.103176 -09.941013 +0.000418 +0.004910 +0.011564 +09.53
481296281 -00.071229 +00.103176 -09.941013 -0.000324 +0.007567 +0.006380 +05.21
481296286 -00.022710 +00.213124 -09.958340 -0.001586 +0.002636 +0.003225 +01.35
481296291 -00.028101 +00.126307 -09.840366 -0.002892 +0.001943 +0.005891 -00.32
481296296 -00.043104 +00.049086 -09.731885 -0.002227 +0.000553 +0.002748 +01.82
481296301 -00.178896 +00.023846 -09.595266 -0.000808 -0.009070 +0.002108 +01.82
481296306 -00.342917 +00.014426 -09.653943 -0.000808 -0.009070 +0.002108 +13.08
481296311 -00.342917 +00.014426 -09.653943 +0.001743 -0.003315 +0.004327 +20.35
481296316 -00.135277 -00.118413 -09.687046 -0.000833 +0.004314 +0.008573 +07.92
481296321 -00.042633 +00.121431 -09.831025 +0.001423 +0.007394 +0.007486 +08.96
481296326 -00.172611 +00.260006 -09.897181 +0.001565 +0.004805 +0.008582 +08.78
481296331 -00.085775 +00.141070 -09.912119 -0.001303 +0.005290 +0.007787 +08.78
481296336 -00.038123 +00.068442 -09.764946 -0.004911 +0.010355 +0.002126 +12.92
481296341 -00.038123 +00.068442 -09.764946 +0.001648 +0.006714 +0.000413 +13.62
481296346 -00.260499 -00.075099 -09.768572 +0.002716 -0.000569 +0.003706 +04.41
481296351 -00.269790 -00.079082 -09.868699 -0.000695 +0.000440 +0.009668 +06.39
481296356 -00.047531 +00.030920 -09.846424 -0.000676 +0.007348 +0.009679 +10.35
481296361 +00.049135 +00.211970 -09.795826 +0.002718 +0.008387 +0.006077 +10.35
481296366 +00.000648 +00.192447 -09.753620 -0.000073 -0.000549 +0.011240 +04.68
481296371 +00.000648 +00.192447 -09.753620 -0.000785 +0.000725 +0.002439 +09.85
481296376 -00.076970 -00.046216 -09.752353 -0.001858 +0.004800 -0.001173 +09.39
481296381 -00.294513 -00.028052 -09.696882 -0.002386 -0.000566 +0.002431 +05.24
481296386 -00.333139 -00.056633 -09.711840 +0.007347 +0.002479 +0.004984 +11.90
481296391 -00.095943 -00.078797 -09.857664 +0.007347 +0.002479 +0.004984 +11.90
481296396 +00.058792 +00.183451 -09.805603 +0.006409 +0.013226 +0.005783 +09.69
481296401 +00.058792 +00.183451 -09.805603 +0.001716 +0.004789 +0.009526 +08.03
481296406 -00.090672 +00.131407 -09.897991 -0.004031 +0.001742 +0.007930 +04.83
481296411 -00.057064 +00.059707 -09.869975 -0.005452 +0.003208 +0.006513 +08.33
481296416 -00.134870 -00.027183 -09.762154 -0.002797 +0.003394 -0.003693 +12.75
481296421 -00.255773 -00.046780 -09.730101 -0.000807 -0.003153 +0.003690 +12.75
481296426 -00.168240 -00.016794 -09.876606 +0.002492 -0.001964 +0.009989 +09.95
481296431 -00.168240 -00.016794 -09.876606 +0.001136 +0.005054 +0.003395 +05.94
481296436 +00.034799 +00.140938 -09.863457 -0.000692 +0.008438 +0.011724 +15.33
481296441 -00.061511 +00.212698 -09.915824 -0.001721 -0.000005 +0.016578 +08.96
481296446 -00.037725 +00.126364 -09.849972 -0.000205 -0.000659 +0.008253 +08.12
481296451 -00.144555 +00.101145 -09.708340 -0.002539 -0.004390 +0.000538 +08.12
481296456 -00.241545 +00.076331 -09.614237 -0.003034 -0.010176 +0.000528 +01.92
481296461 -00.241545 +00.076331 -09.614237 +0.002222 -0.005712 +0.003696 +07.70
481296466 -00.347838 -00.066624 -09.659705 +0.002085 +0.004080 +0.004182 +02.88
481296471 -00.072419 -00.108629 -09.700671 +0.003947 +0.010702 +0.011900 +11.06
481296476 -00.023216 +00.140702 -09.849677 +0.003947 +0.010702 +0.011900 +15.14
481296481 -00.119494 +00.236309 -09.901762 +0.000913 +0.008776 +0.011101 +15.14
481296486 -00.066344 +00.117571 -09.950324 -0.003236 +0.010212 +0.010775 +15.39
481296491 -00.066344 +00.117571 -09.950324 -0.007674 +0.007063 +0.006040 +11.80
481296496 -00.018736 +00.011558 -09.803546 -0.001385 +0.002871 -0.001018 +06.97
481296501 -00.231424 -00.084347 -09.797000 +0.003202 -0.000075 +0.003079 +10.58
481296506 -00.211866 -00.026730 -09.839006 +0.004291 +0.000515 +0.006384 +01.29
481296511 -00.004265 +00.063858 -09.778993 +0.000950 +0.003248 +0.005592 +01.29
481296516 -00.047434 +00.249885 -09.791453 -0.001161 +0.007976 +0.010464 +10.17
481296521 -00.047434 +00.249885 -09.791453 -0.001472 +0.000796 +0.007465 +06.65
481296526 -00.086332 +00.163650 -09.754715 -0.003209 -0.004289 +0.003837 +07.02
481296531 -00.125310 -00.008354 -09.728515 -0.001548 -0.003529 -0.002600 +06.38
481296536 -00.318804 -00.066448 -09.673737 +0.002915 -0.001296 -0.000695 +11.91
481296541 -00.294523 -00.075630 -09.711730 +0.003027 +0.005172 +0.006230 +11.91
481296546 -00.033160 +00.021181 -09.817843 +0.003679 +0.012552 +0.007030 +06.44
481296551 -00.033160 +00.021181 -09.817843 +0.005929 +0.014662 +0.006255 +09.84
481296556 +00.073702 +00.217672 -09.905069 +0.005929 +0.014662 +0.006255 +05.75
481296561 -00.090544 +00.160214 -09.921458 -0.003041 +0.002601 +0.004948 +03.96
481296566 -00.105417 +00.073761 -09.851181 -0.008297 +0.001974 +0.002886 +02.22
481296571 -00.125377 -00.032278 -09.719275 -0.000434 +0.003501 -0.000070 +02.22
481296576 -00.284748 +00.010238 -09.710630 -0.000434 +0.003501 -0.000070 +04.73
481296581 -00.284748 +00.010238 -09.710630 +0.004596 -0.002228 +0.007167 +17.76
481296586 -00.221284 +00.021327 -09.886139 +0.000412 +0.003301 +0.011719 +09.88
481296591 -00.008480 +00.165039 -09.906404 +0.001925 +0.003600 +0.004024 +03.37
481296596 -00.095467 +00.183782 -09.887889 -0.004340 +0.004317 +0.007618 +05.14
481296601 -00.057307 +00.063940 -09.803261 -0.003375 +0.005612 +0.007309 +05.14
481296606 -00.144525 +00.096453 -09.717919 -0.000477 +0.000386 +0.003539 +09.84
481296611 -00.144525 +00.096453 -09.717919 +0.000776 -0.005892 +0.004476 +08.95
481296616 -00.275299 +00.052606 -09.638619 +0.001454 -0.000383 +0.001973 +05.40
481296621 -00.207761 -00.090102 -09.668292 +0.000032 +0.007955 +0.002610 +10.07
481296626 +00.009815 -00.003572 -09.693954 -0.000984 +0.011524 +0.009684 +07.70
481296631 -00.047170 +00.207652 -09.877664 -0.001454 +0.008342 +0.007792 +07.70
481296636 -00.143404 +00.270066 -09.953951 -0.003836 +0.002925 +0.004632 +05.39
481296641 -00.143404 +00.270066 -09.953951 -0.003836 +0.002925 +0.004632 +11.23
481296646 -00.071360 +00.098139 -09.907740 -0.002181 +0.001915 -0.001650 +07.46
481296651 -00.129974 -00.017519 -09.776283 -0.002854 +0.006487 +0.003226 +03.56
481296656 -00.342165 -00.022002 -09.868652 +0.000351 +0.003637 +0.001504 +11.23
481296661 -00.240713 -00.059791 -09.887266 +0.000796 +0.003737 +0.005120 +11.23
481296666 -00.028166 +00.130923 -09.821264 -0.001483 +0.011648 +0.011726 +08.48
481296671 -00.028166 +00.130923 -09.821264 +0.002057 +0.011544 +0.009223 +07.46
481296676 -00.037672 +00.259635 -09.815063 +0.002042 +0.006242 +0.009215 +01.45
481296681 -00.037966 +00.092557 -09.797993 -0.001770 -0.001405 +0.004632 +09.63
481296686 -00.188339 -00.013753 -09.667221 +0.002912 -0.001301 -0.000381 +16.71
481296691 -00.367165 -00.071433 -09.659930 +0.005089 -0.003161 +0.005438 +16.71
481296696 -00.265330 -00.089378 -09.773544 -0.000574 -0.001869 +0.013122 +17.26
481296701 -00.265330 -00.089378 -09.773544 -0.000675 +0.005431 +0.009047 +15.17
481296706 +00.029549 +00.106737 -09.763907 +0.002728 +0.013842 +0.006558 +13.61
481296711 +00.001054 +00.217099 -09.853325 +0.004793 +0.002475 +0.004661 +18.43
481296716 -00.081055 +00.112311 -09.893371 -0.004666 +0.000308 +0.007139 +07.05
481296721 -00.110541 +00.039829 -09.784960 -0.001765 +0.000683 +0.004635 +07.05
481296726 -00.193116 -00.013648 -09.681547 -0.001765 +0.000683 +0.004635 +04.24
481296731 -00.193116 -00.013648 -09.681547 +0.001267 -0.003630 +0.003853 +10.16
481296736 -00.289186 +00.011072 -09.815420 -0.001280 -0.001864 +0.003376 +04.92
481296741 -00.119713 +00.045614 -09.913542 +0.006263 +0.004776 +0.001998 +04.78
481296746 +00.015790 +00.241436 -09.910052 -0.001115 +0.009337 +0.006066 +13.59
481296751 -00.032932 +00.178606 -09.820742 -0.001769 +0.003553 +0.005897 +13.59
481296756 -00.038033 +00.082903 -09.783822 -0.002779 +0.003937 +0.011395 +14.34
481296761 -00.038033 +00.082903 -09.783822 +0.000012 +0.005839 +0.004178 +11.75
481296766 -00.164240 +00.081299 -09.618269 -0.000752 +0.000145 -0.001177 +03.86
481296771 -00.318656 +00.057515 -09.667508 +0.002394 -0.002332 +0.003387 +09.92
481296776 -00.149705 -00.085020 -09.691538 +0.000497 +0.005212 +0.003393 +04.42
481296781 -00.004352 +00.025627 -09.769922 +0.002095 +0.010013 +0.004821 +04.42
481296786 -00.124269 +00.250683 -09.911157 +0.003047 +0.005368 +0.004188 +14.90
481296791 -00.124269 +00.250683 -09.911157 -0.006724 +0.002895 +0.005722 +17.93
481296796 -00.153162 +00.236546 -09.940146 -0.005061 +0.009572 +0.000867 +05.91
481296801 -00.023373 +00.116587 -09.816630 -0.000915 +0.001097 -0.000547 +07.66
481296806 -00.187902 -00.046102 -09.796171 +0.002591 -0.002106 -0.000383 +06.21
481296811 -00.308509 -00.084085 -09.850046 +0.002591 -0.002106 -0.000383 +06.21
481296816 -00.148852 +00.007170 -09.885678 +0.001440 +0.002310 +0.004177 +06.71
481296821 -00.148852 +00.007170 -09.885678 -0.002824 +0.015496 +0.002612 +12.98
481296826 +00.029812 +00.183391 -09.805855 -0.001072 +0.015810 +0.003405 +09.65
481296831 -00.008858 +00.254581 -09.772016 +0.003534 +0.005544 +0.003404 +11.68
481296836 -00.067197 +00.091960 -09.731587 +0.002110 +0.003486 +0.001353 +10.72
481296841 -00.231739 -00.013690 -09.686644 -0.001677 -0.000758 -0.004953 +10.72
481296846 -00.342912 -00.061652 -09.683413 +0.002409 -0.005023 +0.001026 +08.39
481296851 -00.342912 -00.061652 -09.683413 +0.002237 +0.000390 +0.003863 +10.35
481296856 -00.144602 -00.093935 -09.767789 +0.002039 +0.006716 +0.009687 +07.26
481296861 +00.082788 +00.121347 -09.787082 +0.006053 +0.007564 +0.007973 +06.95
481296866 -00.071296 +00.212409 -09.882579 +0.002442 +0.005747 +0.000729 +03.82
481296871 -00.124555 +00.050335 -09.908767 -0.002678 +0.003640 +0.000708 +03.82
481296876 -00.163754 -00.008013 -09.781225 -0.002212 -0.001179 +0.000702 +14.00
481296881 -00.163754 -00.008013 -09.781225 +0.000025 +0.002345 +0.001815 +04.43
481296886 -00.207608 -00.042217 -09.691534 -0.000990 +0.000643 +0.007152 +14.36
481296891 -00.255348 -00.022089 -09.834567 -0.000990 +0.000643 +0.007152 +05.49
481296896 -00.056902 +00.074322 -09.907896 -0.000990 +0.000643 +0.007152 +12.47
481296901 -00.042237 +00.231662 -09.896385 -0.004594 +0.014348 +0.003547 +12.47
481296906 -00.066742 +00.126227 -09.840702 -0.008302 +0.008521 +0.005254 +03.11
481296911 -00.066742 +00.126227 -09.840702 -0.003730 +0.000431 +0.009500 -01.24
481296916 -00.038161 +00.039826 -09.765285 -0.002700 +0.003759 +0.003065 +06.75
481296921 -00.154535 +00.048126 -09.642387 -0.000090 -0.006528 -0.005429 +04.00
481296926 -00.314123 -00.004936 -09.611065 +0.000041 +0.001256 -0.000229 +15.62
481296931 -00.072452 -00.146745 -09.705883 +0.005157 +0.010711 +0.002318 +15.62
481296936 +00.029594 +00.073544 -09.788108 +0.003878 +0.013742 +0.003261 +13.63
481296941 +00.029594 +00.073544 -09.788108 -0.000055 +0.005398 +0.011092 +07.52
481296946 -00.143497 +00.227065 -09.944937 -0.004512 -0.001780 +0.007137 +08.96
481296951 -00.109640 +00.141634 -09.988510 -0.001766 +0.000680 +0.004792 +12.10
481296956 -00.052575 +00.030449 -09.789330 -0.000455 -0.003732 +0.000075 +11.05
481296961 -00.207362 -00.084488 -09.772984 +0.005726 -0.005721 +0.004965 +11.05
481296966 -00.260510 -00.070368 -09.763754 +0.005686 +0.001722 +0.011263 +13.25
481296971 -00.260510 -00.070368 -09.763754 +0.005241 +0.008176 +0.009543 +05.17
481296976 -00.071652 +00.026177 -09.856213 +0.005241 +0.008176 +0.009543 +12.76
481296981 +00.049212 +00.216893 -09.814815 -0.007807 +0.013026 +0.004949 +08.76
481296986 -00.003856 +00.183627 -09.844240 -0.002844 +0.005227 +0.001810 +11.48
481296991 -00.091255 -00.012516 -09.794935 -0.004335 +0.006245 +0.007621 +11.48
481296996 -00.246308 -00.032913 -09.672712 -0.004335 +0.006245 +0.007621 +09.95
481297001 -00.246308 -00.032913 -09.672712 -0.000310 -0.008554 +0.000225 -02.98
481297006 -00.337971 -00.085182 -09.721744 +0.004510 -0.001137 -0.000218 +10.37
481297011 -00.139778 -00.098694 -09.767804 +0.006606 +0.010896 +0.001223 +04.15
481297016 +00.048992 +00.211663 -09.757736 -0.001091 +0.013217 +0.004658 +14.13
481297021 -00.133965 +00.184008 -09.926315 -0.000865 +0.006496 +0.012506 +14.13
481297026 -00.129483 +00.083403 -09.870323 -0.000801 +0.005812 +0.005590 +12.74
481297031 -00.129483 +00.083403 -09.870323 -0.003485 +0.005382 +0.001965 +14.24
481297036 -00.144839 -00.018355 -09.676422 +0.000175 +0.000889 +0.002442 +14.57
481297041 -00.246372 -00.014027 -09.648680 +0.001910 +0.001334 +0.004963 +15.43
481297046 -00.211865 -00.012460 -09.834076 +0.002246 +0.002645 +0.003552 +09.04
481297051 +00.001078 +00.155329 -09.882626 +0.004501 +0.008919 +0.003570 +09.04
481297056 -00.018016 +00.217596 -09.920151 +0.002367 +0.007371 +0.009061 +14.84
481297061 -00.018016 +00.217596 -09.920151 +0.002367 +0.007371 +0.009061 +03.92
481297066 -00.027821 +00.136422 -09.911672 -0.001648 +0.000766 +0.009193 +10.45
481297071 -00.091108 +00.044869 -09.813303 -0.001277 -0.002338 +0.002903 +01.95
481297076 -00.222210 +00.047870 -09.628691 -0.000155 -0.002647 +0.002435 +11.05
481297081 -00.318726 -00.061525 -09.692726 +0.000763 -0.001919 +0.006997 +11.05
481297086 -00.086948 -00.070697 -09.676539 -0.002261 +0.004328 +0.007468 +08.61
481297091 -00.086948 -00.070697 -09.676539 -0.001554 +0.015963 +0.003718 +11.30
481297096 -00.042883 +00.187472 -09.739771 -0.001576 +0.007930 +0.003705 +12.47
481297101 -00.138751 +00.283962 -09.901366 -0.004865 -0.000082 +0.011067 +07.98
481297106 -00.085746 +00.136378 -09.921698 -0.001248 +0.006028 +0.002288 +10.06
481297111 -00.091317 -00.031670 -09.785639 -0.001664 +0.004223 -0.004945 +10.06
481297116 -00.323299 -00.108538 -09.779035 +0.002109 +0.004284 +0.001668 +11.31
481297121 -00.323299 -00.108538 -09.779035 +0.007870 +0.004959 +0.001060 +05.44
481297126 -00.230890 -00.030887 -09.920173 +0.004175 +0.013223 +0.005461 +09.29
481297131 -00.013476 +00.107606 -09.883317 +0.000010 +0.014469 +0.006864 +15.88
481297136 +00.005581 +00.283035 -09.747745 -0.001284 +0.005962 +0.006060 +05.33
481297141 -00.018638 +00.178214 -09.768242 -0.003645 +0.005861 +0.002123 +05.33
481297146 -00.120518 +00.029618 -09.704215 -0.003645 +0.005861 +0.002123 +08.96
481297151 -00.120518 +00.029618 -09.704215 -0.000604 +0.001403 +0.000397 +04.82
481297156 -00.304196 -00.018610 -09.687331 +0.001623 -0.005323 -0.000392 +10.96
481297161 -00.313709 -00.094402 -09.754975 -0.000296 +0.005380 +0.002762 +08.02
481297166 -00.090975 -00.002402 -09.866242 +0.005629 +0.009419 +0.002789 +05.93
481297171 +00.044364 +00.216844 -09.810096 +0.006266 +0.008618 +0.002789 +05.93
481297176 -00.105153 +00.164685 -09.888199 -0.007519 +0.008654 +0.006986 +12.92
481297181 -00.105153 +00.164685 -09.888199 -0.004487 +0.005300 +0.006519 +16.46
481297186 -00.105575 +00.035377 -09.823065 -0.000635 -0.000731 +0.003065 +06.54
481297191 -00.168824 -00.027560 -09.724358 -0.001161 -0.006414 +0.006355 +12.43
481297196 -00.294192 +00.039217 -09.757988 +0.004442 -0.002858 +0.006380 +07.65
481297201 -00.172950 +00.059543 -09.880506 +0.006998 +0.005623 +0.008916 +07.65
481297206 +00.039796 +00.146063 -09.906210 +0.005090 +0.008671 +0.008758 +10.04
481297211 +00.039796 +00.146063 -09.906210 +0.001552 +0.009897 +0.011419 +14.99
481297216 -00.085812 +00.193302 -09.882931 +0.001109 +0.004525 +0.006066 +09.52
481297221 -00.028570 +00.068232 -09.736295 -0.000526 +0.002534 +0.009357 +14.97
481297226 -00.154211 +00.077356 -09.718229 -0.000297 -0.005972 -0.000399 +08.29
481297231 -00.299469 +00.023978 -09.643929 -0.000297 -0.005972 -0.000399 +08.29
481297236 -00.236662 -00.056700 -09.677671 +0.004494 -0.006442 -0.000070 +16.14
481297241 -00.236662 -00.056700 -09.677671 +0.003153 +0.003673 +0.009372 +09.19
481297246 -00.014164 -00.008008 -09.741833 +0.003741 +0.010298 +0.016613 +10.56
481297251 -00.080983 +00.179043 -09.887820 +0.002197 +0.010229 +0.010950 +08.71
481297256 -00.143388 +00.308143 -09.943977 -0.005136 +0.002403 +0.006670 +12.47
481297261 -00.032686 +00.136335 -09.902191 -0.006864 +0.002290 +0.003520 +12.47
481297266 -00.062299 -00.017263 -09.789979 -0.000083 +0.006277 -0.002579 +09.68
481297271 -00.062299 -00.017263 -09.789979 -0.000108 +0.001754 -0.001172 +10.54
481297276 -00.241269 -00.089520 -09.749528 +0.002704 -0.002508 +0.004331 +07.09
481297281 -00.197248 -00.064470 -09.886945 +0.001685 +0.005372 +0.012984 +01.62
481297286 +00.010458 +00.145235 -09.811236 -0.000187 +0.014722 +0.010792 +11.59
481297291 -00.042587 +00.235664 -09.801103 -0.003371 +0.011055 +0.008418 +11.59
481297296 -00.057206 +00.125979 -09.807289 -0.003706 +0.001594 +0.007302 +11.60
481297301 -00.057206 +00.125979 -09.807289 +0.000359 -0.001785 -0.000862 +07.29
481297306 -00.168769 -00.013176 -09.733711 +0.007276 -0.000079 -0.005079 +12.57
481297311 -00.347908 -00.052508 -09.635730 +0.007276 -0.000079 -0.005079 +04.20
481297316 -00.241289 -00.118097 -09.754628 +0.007276 -0.000079 -0.005079 +06.60
481297321 +00.020140 +00.054945 -09.850315 -0.000380 +0.016260 +0.014723 +06.60
481297326 +00.054144 +00.226633 -09.838466 +0.001127 +0.010633 +0.005918 +14.13
481297331 +00.054144 +00.226633 -09.838466 +0.000783 +0.008669 +0.007957 +10.96
481297336 -00.090531 +00.103175 -09.945942 -0.001795 +0.001269 +0.007936 +07.89
481297341 -00.071576 +00.016830 -09.880132 +0.000191 +0.004917 +0.001820 +11.35
481297346 -00.159097 -00.017887 -09.738445 +0.001627 -0.003877 -0.000389 +04.74
481297351 -00.270123 -00.008464 -09.753582 +0.000143 -0.002365 +0.004794 +04.74
481297356 -00.124675 +00.040566 -09.880312 -0.001151 +0.001919 +0.007625 +11.13
481297361 -00.124675 +00.040566 -09.880312 +0.003635 +0.008636 +0.010481 +09.32
481297366 +00.005900 +00.188609 -09.867906 +0.007152 +0.006732 +0.009862 +12.76
481297371 -00.100161 +00.179310 -09.926078 -0.000194 +0.005436 +0.008892 +07.13
481297376 -00.066904 +00.045034 -09.827377 -0.001746 +0.004874 +0.003856 +02.67
481297381 -00.149677 +00.029174 -09.656854 -0.002091 -0.006044 +0.003366 +02.67
481297386 -00.270490 +00.009769 -09.648608 +0.004803 -0.000864 +0.002612 +13.86
481297391 -00.270490 +00.009769 -09.648608 +0.006355 -0.000302 +0.007647 +13.05
481297396 -00.140053 -00.118308 -09.701372 +0.006355 -0.000302 +0.007647 +09.17
481297401 +00.034087 -00.031792 -09.736934 -0.001671 +0.004083 +0.012499 +08.52
481297406 -00.085691 +00.217340 -09.906455 +0.000777 +0.005142 +0.007480 +08.62
481297411 -00.148269 +00.203401 -09.969067 -0.000521 -0.001134 +0.007780 +08.62
481297416 -00.032890 +00.116874 -09.854804 -0.000521 -0.001134 +0.007780 +05.78
481297421 -00.032890 +00.116874 -09.854804 -0.002069 +0.004067 +0.004011 +08.32
481297426 -00.120167 -00.040962 -09.824094 +0.003695 -0.000849 +0.001508 +15.32
481297431 -00.274981 -00.056090 -09.763711 +0.004608 -0.000608 +0.006384 +13.20
481297436 -00.168413 -00.026678 -09.833867 -0.000223 +0.001547 +0.010771 +12.73
481297441 +00.097192 +00.149724 -09.753288 +0.002695 +0.012663 +0.009699 +12.73
481297446 -00.023140 +00.264512 -09.824403 +0.003508 +0.007895 +0.006865 +09.71
481297451 -00.023140 +00.264512 -09.824403 -0.000811 +0.001158 +0.005268 +08.09
481297456 -00.057190 +00.045169 -09.841577 +0.003064 +0.001722 +0.001353 -00.85
481297461 -00.183366 -00.013436 -09.705269 +0.004199 +0.004792 +0.000576 +04.73
481297466 -00.371795 -00.028213 -09.697554 +0.004978 +0.003480 +0.002305 +12.95
481297471 -00.202774 -00.132555 -09.725893 +0.007648 +0.006764 +0.008135 +12.95
481297476 +00.073028 +00.059288 -09.783138 +0.000756 +0.013737 +0.012208 +06.26
481297481 +00.073028 +00.059288 -09.783138 +0.000756 +0.013737 +0.012208 +09.84
481297486 +00.010772 +00.260043 -09.852733 -0.000068 +0.007294 +0.012981 +08.23
481297491 -00.124394 +00.050681 -09.951618 -0.002185 +0.001427 -0.001337 +08.67
481297496 -00.124880 +00.006836 -09.837855 +0.000191 +0.004277 +0.001662 +06.69
481297501 -00.197943 -00.051697 -09.696324 +0.003984 -0.001063 +0.004652 +06.69
481297506 -00.289139 +00.006418 -09.829761 +0.004248 -0.004838 +0.009362 +07.13
481297511 -00.289139 +00.006418 -09.829761 +0.003484 +0.005613 +0.008747 +12.83
481297516 -00.134279 +00.069200 -09.884818 +0.003492 +0.008826 +0.008752 +04.32
481297521 +00.006193 +00.208261 -09.939099 -0.002231 +0.009499 +0.005748 +14.75
481297526 -00.076278 +00.178784 -09.854449 -0.004326 +0.005943 +0.006521 +02.23
481297531 -00.067158 +00.053997 -09.755845 -0.003052 +0.003541 +0.006364 +02.23
481297536 -00.173749 +00.100625 -09.651457 -0.000212 -0.002750 +0.008407 +09.17
481297541 -00.173749 +00.100625 -09.651457 +0.001106 -0.002993 +0.004168 +11.93
481297546 -00.328181 +00.038763 -09.710670 -0.002367 +0.002827 +0.001336 +09.91
481297551 -00.135023 -00.075068 -09.738912 -0.002216 +0.016560 +0.006231 +14.79
481297556 +00.029374 +00.082584 -09.726099 +0.002409 +0.014481 +0.006715 +20.30
481297561 -00.085923 +00.283420 -09.819962 +0.001179 +0.001327 +0.014547 +20.30
481297566 -00.133821 +00.198585 -09.959475 +0.001179 +0.001327 +0.014547 +04.47
481297571 -00.133821 +00.198585 -09.959475 +0.000879 +0.000882 +0.012345 +02.45
481297576 -00.076477 +00.083245 -09.836532 +0.000635 +0.001495 +0.004645 +10.32
481297581 -00.240933 +00.001557 -09.805591 +0.000469 -0.005550 +0.003219 +08.48
481297586 -00.332650 -00.050827 -09.840339 -0.000162 -0.002979 +0.003063 +09.76
481297591 -00.168358 -00.012293 -09.843220 +0.000136 +0.004816 +0.007634 +09.76
481297596 +00.063559 +00.202346 -09.781529 +0.002341 +0.008923 +0.012206 +02.34
481297601 +00.063559 +00.202346 -09.781529 -0.001011 +0.008279 +0.011565 +12.88
481297606 -00.037704 +00.235789 -09.815345 -0.004942 +0.007101 +0.004478 +12.37
481297611 -00.095905 +00.082975 -09.808133 -0.007498 +0.004695 +0.003679 +17.90
481297616 -00.231666 +00.000733 -09.700759 -0.002243 -0.002194 +0.003686 +01.29
481297621 -00.328459 -00.009390 -09.654099 +0.001900 -0.007157 +0.003535 +01.29
481297626 -00.159064 -00.112927 -09.782425 +0.005205 +0.004914 +0.012367 +12.09
481297631 -00.159064 -00.112927 -09.782425 +0.005205 +0.004914 +0.012367 +13.39
481297636 +00.078166 +00.117028 -09.844316 -0.002608 +0.010832 +0.012192 +12.73
481297641 -00.042415 +00.231278 -09.848772 -0.002455 +0.002348 +0.010450 +10.12
481297646 -00.105407 +00.054761 -09.860929 -0.004338 +0.000644 +0.006355 +10.72
481297651 -00.130092 -00.013019 -09.742897 -0.004338 +0.000644 +0.006355 +10.72
481297656 -00.217274 -00.032737 -09.686744 -0.002857 +0.000088 +0.001645 +20.20
481297661 -00.217274 -00.032737 -09.686744 +0.002698 -0.001721 +0.005275 +06.85
481297666 -00.260287 +00.029979 -09.786375 +0.002064 -0.003311 +0.004171 +13.73
481297671 -00.104982 +00.146030 -09.940799 +0.001496 +0.002890 -0.001479 +06.05
481297676 -00.051720 +00.217756 -09.949013 -0.001366 +0.007222 -0.001796 +03.98
481297681 -00.018464 +00.135789 -09.830646 +0.000786 +0.002280 +0.005747 +03.98
481297686 -00.028639 +00.030039 -09.731985 -0.001970 +0.001720 +0.009665 +11.33
481297691 -00.028639 +00.030039 -09.731985 -0.001559 -0.001152 -0.000710 +16.10
481297696 -00.135305 +00.100283 -09.598746 +0.003846 -0.009658 -0.000077 +11.41
481297701 -00.308965 +00.000534 -09.696669 +0.006230 +0.000400 +0.004191 +13.59
481297706 -00.091512 -00.084401 -09.752931 +0.006256 +0.010519 +0.004364 +08.59
481297711 -00.009217 +00.106388 -09.730914 +0.000595 +0.006860 +0.010311 +08.59
481297717 -00.119385 +00.265078 -09.920469 -0.001181 -0.003892 +0.009188 +06.28
481297722 -00.119385 +00.265078 -09.920469 -0.005045 -0.005875 +0.011529 +19.98
481297727 -00.167756 +00.145937 -09.946106 -0.007046 -0.001907 +0.004613 +08.51
481297732 -00.066919 +00.073535 -09.812755 -0.007046 -0.001907 +0.004613 +05.19
481297737 -00.265288 -00.084532 -09.783010 -0.007046 -0.001907 +0.004613 +14.72
481297742 -00.289284 -00.089006 -09.826128 +0.005449 +0.001069 +0.002460 +14.72
481297747 -00.037987 -00.002598 -09.827690 +0.004436 +0.003846 +0.008905 +12.57
481297752 -00.037987 -00.002598 -09.827690 +0.002214 +0.010101 +0.009064 +09.68
481297757 +00.068336 +00.216511 -09.762273 +0.002705 +0.010283 +0.007966 +13.05
481297762 -00.003914 +00.207282 -09.820151 -0.000303 +0.006167 +0.003706 +06.79
481297767 -00.057582 +00.044325 -09.736829 -0.001856 +0.006243 -0.001014 +00.80
481297772 -00.231886 -00.004497 -09.643680 -0.001528 -0.002854 -0.004485 +00.80
481297777 -00.318480 -00.037219 -09.749579 +0.006050 -0.004592 +0.004811 +17.87
481297782 -00.318480 -00.037219 -09.749579 +0.002328 +0.004582 +0.012356 +08.80
481297787 -00.100575 -00.064116 -09.905150 +0.009521 +0.012765 +0.014594 -00.77
481297792 +00.034741 +00.164592 -09.839368 +0.013302 +0.015046 +0.004238 +07.00
481297797 -00.100153 +00.198348 -09.921091 +0.003178 +0.006276 +0.007490 +08.64
481297802 -00.090974 +00.011868 -09.861311 -0.004624 +0.002622 +0.003371 +08.64
481297807 -00.091528 -00.003592 -09.718642 +0.001619 +0.004903 +0.002925 +11.69
481297812 -00.091528 -00.003592 -09.718642 +0.003805 -0.002057 +0.006379 +05.10
481297817 -00.270423 -00.032886 -09.682445 +0.003805 -0.002057 +0.006379 +04.82
481297822 -00.231157 -00.031463 -09.848753 +0.001419 -0.001565 +0.005271 +11.21
481297827 -00.037460 +00.164979 -09.906656 +0.003528 +0.004894 +0.003874 +10.48
481297832 -00.008555 +00.188655 -09.877554 +0.005425 +0.009179 +0.007345 +10.48
481297837 +00.019997 +00.121217 -09.787628 +0.005397 -0.000782 +0.007329 +08.89
481297842 +00.019997 +00.121217 -09.787628 -0.003199 +0.001165 +0.004317 +11.68
481297847 -00.052653 +00.092105 -09.745745 -0.003976 +0.003760 +0.002747 +05.16
481297852 -00.241549 +00.033522 -09.629028 +0.000189 -0.001644 +0.000238 +13.63
481297857 -00.328370 -00.009199 -09.677905 +0.004441 -0.002060 +0.006695 +13.92
481297862 -00.052882 -00.079589 -09.747777 -0.001001 +0.010215 +0.011097 +13.92
481297867 +00.024984 +00.145342 -09.820633 -0.006738 +0.012941 +0.010139 +11.67
481297872 +00.024984 +00.145342 -09.820633 -0.004683 +0.004594 +0.010132 +02.85
481297877 -00.167503 +00.308170 -09.953710 -0.004348 +0.001586 +0.007614 +08.75
481297882 -00.104827 +00.155875 -09.978776 -0.002144 -0.001696 -0.006528 +08.05
481297887 -00.043027 +00.039740 -09.755804 +0.002361 -0.000506 -0.009340 +13.88
481297892 -00.255566 -00.065358 -09.792223 +0.001584 -0.000916 +0.004958 +13.88
481297897 -00.216769 -00.107741 -09.849530 +0.002845 +0.005131 +0.008587 +08.82
481297902 -00.216769 -00.107741 -09.849530 +0.002845 +0.005131 +0.008587 +12.84
481297907 -00.023213 +00.036085 -09.889009 +0.000603 +0.008633 +0.009999 +09.99
481297912 +00.029923 +00.226430 -09.819631 -0.000829 +0.007201 +0.008892 +07.77
481297917 -00.004167 +00.163936 -09.768285 -0.000969 +0.000999 +0.005110 +04.23
481297922 -00.110999 -00.022977 -09.685707 -0.001107 -0.006155 +0.000698 +04.23
481297927 -00.299362 -00.042370 -09.697093 -0.003172 -0.007260 -0.000883 +11.32
481297932 -00.299362 -00.042370 -09.697093 +0.000607 +0.000646 +0.007315 +14.13
481297937 -00.390953 -00.080216 -09.760239 +0.003336 +0.004994 +0.007331 +14.95
481297942 -00.120224 -00.083885 -09.824602 +0.001262 +0.003075 +0.006378 -01.66
481297947 +00.044164 +00.173614 -09.772513 -0.000036 +0.010708 +0.010629 +08.67
481297952 -00.095632 +00.140628 -09.859829 -0.004619 +0.007429 +0.004165 +08.67
481297957 -00.071748 +00.021216 -09.832463 -0.006857 +0.004381 +0.003367 +13.89
481297962 -00.071748 +00.021216 -09.832463 -0.001746 -0.000243 +0.002434 +13.53
481297967 -00.110766 -00.008209 -09.742673 +0.002083 -0.002159 +0.002601 +07.46
481297972 -00.255542 +00.006027 -09.772331 +0.003455 -0.005470 +0.008572 +07.87
481297977 -00.134365 +00.030969 -09.875747 +0.005485 +0.005163 +0.016611 +03.91
481297982 +00.059087 +00.150795 -09.896463 +0.004777 +0.011241 +0.008761 +03.91
481297987 -00.032624 +00.236336 -09.881961 +0.004777 +0.011241 +0.008761 +15.47
481297992 -00.032624 +00.236336 -09.881961 +0.002219 +0.003715 +0.006697 +11.21
481297997 -00.081444 +00.087697 -09.798428 +0.000623 +0.003712 +0.006534 +15.31
481298002 -00.168789 +00.024825 -09.714214 -0.000260 +0.000969 -0.002274 +14.65
481298007 -00.275466 +00.047491 -09.595824 -0.001826 +0.002618 -0.005106 +13.81
481298012 -00.265626 -00.070992 -09.687615 -0.001084 +0.000122 +0.000079 +13.81
481298017 -00.057663 -00.055715 -09.752298 +0.002433 +0.008609 +0.002462 +04.91
481298022 -00.057663 -00.055715 -09.752298 +0.003210 +0.010971 +0.005455 +08.00
481298027 -00.076351 +00.164361 -09.840334 +0.000121 +0.006709 +0.009680 +11.31
481298032 -00.128963 +00.246211 -09.949346 +0.000106 +0.001404 +0.009829 +13.33
481298037 -00.056818 +00.150592 -09.902232 -0.000007 +0.004047 +0.005590 +08.48
481298042 -00.052288 +00.045333 -09.860580 -0.001773 +0.000509 +0.005421 +08.48
481298047 -00.274708 -00.065015 -09.840004 +0.000146 -0.002520 +0.004480 +05.86
481298052 -00.274708 -00.065015 -09.840004 +0.000146 -0.002520 +0.004480 +14.23
481298057 -00.187530 -00.073835 -09.906019 +0.003984 +0.010129 +0.007813 +15.30
481298062 -00.028437 +00.087539 -09.764637 +0.003020 +0.006918 +0.007490 +07.46
481298067 -00.037764 +00.297483 -09.776521 -0.000192 +0.004959 +0.008576 +11.82
481298072 -00.052314 +00.159412 -09.811613 -0.000192 +0.004959 +0.008576 +11.82
481298077 -00.149601 +00.005558 -09.685704 -0.004139 +0.003593 +0.003060 +16.62
481298082 -00.149601 +00.005558 -09.685704 +0.002125 +0.000316 -0.001167 +13.52
481298087 -00.323512 -00.028151 -09.692373 +0.000457 -0.000616 +0.005898 +07.05
481298092 -00.275212 -00.108898 -09.721480 +0.002506 +0.005255 +0.010629 +10.39
481298097 +00.005440 +00.030685 -09.803110 +0.003610 +0.007471 +0.012837 +13.83
481298102 +00.044352 +00.207306 -09.810208 +0.001732 +0.012172 +0.010009 +13.83
481298107 -00.051990 +00.122064 -09.912051 +0.000149 +0.009157 +0.007484 +12.25
481298112 -00.051990 +00.122064 -09.912051 -0.001618 +0.002898 +0.006682 +07.46
481298117 -00.096050 +00.054129 -09.779904 -0.008438 -0.002947 -0.000579 +12.89
481298122 -00.159045 -00.032041 -09.757659 -0.007005 -0.001354 +0.000528 +11.05
481298127 -00.231588 +00.005656 -09.719747 -0.000505 -0.000785 +0.006209 +15.97
481298132 -00.163424 +00.025986 -09.857011 +0.003392 +0.003817 +0.001043 +15.97
481298137 -00.047003 +00.212767 -09.920459 +0.004200 +0.011829 +0.002473 +16.41
481298142 -00.047003 +00.212767 -09.920459 +0.007034 +0.006007 +0.005302 +06.92
481298147 -00.143652 +00.217220 -09.906959 +0.000162 +0.005023 +0.004963 +00.58
481298152 -00.028327 +00.064000 -09.803009 +0.000162 +0.005023 +0.004963 +10.21
481298157 -00.096581 +00.095786 -09.622273 +0.000151 +0.001167 +0.004957 +02.23
481298162 -00.241623 +00.004830 -09.619844 +0.001315 +0.000773 +0.000088 +02.23
481298167 -00.183541 -00.104168 -09.692058 +0.003854 +0.001069 +0.002141 +05.91
481298172 -00.183541 -00.104168 -09.692058 +0.006388 +0.008711 +0.006719 +09.76
481298177 -00.014318 -00.003584 -09.698925 +0.002856 +0.011547 +0.009226 +04.87
481298182 -00.081037 +00.245506 -09.848939 +0.003814 +0.009631 +0.008755 +08.15
481298187 -00.133992 +00.217240 -09.906875 -0.002445 -0.001792 +0.008244 +06.28
481298192 -00.023262 +00.093048 -09.855002 -0.004665 -0.000648 +0.006666 +06.28
481298197 -00.144335 -00.041050 -09.819543 -0.001713 +0.005252 +0.000557 +05.64
481298202 -00.144335 -00.041050 -09.819543 +0.002543 -0.003151 +0.004330 +05.73
481298207 -00.308609 -00.079546 -09.821422 +0.001530 +0.004103 +0.012038 +10.76
481298212 -00.182793 -00.050247 -09.872366 +0.001736 +0.012019 +0.009537 +15.47
481298217 +00.044320 +00.183459 -09.810491 +0.001907 +0.009003 +0.007490 +11.82
481298222 -00.027982 +00.254963 -09.824558 -0.001775 -0.000455 +0.005419 +11.82
481298227 -00.018629 +00.078366 -09.807517 +0.001489 +0.000480 -0.001483 +05.05
481298232 -00.018629 +00.078366 -09.807517 +0.004997 +0.001438 -0.000369 +13.63
481298237 -00.188512 -00.023637 -09.624482 +0.004997 +0.001438 -0.000369 +08.36
481298242 -00.323531 -00.042458 -09.692542 +0.006260 -0.001624 +0.000416 +12.00
481298247 -00.207617 -00.075525 -09.701452 +0.003801 -0.002223 +0.006693 +11.34
481298252 +00.048964 +00.097469 -09.792419 -0.000204 +0.005738 +0.009992 +11.34
481298257 -00.017969 +00.279520 -09.909895 -0.000205 +0.005417 +0.009992 +06.06
481298262 -00.017969 +00.279520 -09.909895 +0.000123 +0.003354 +0.008575 +06.11
481298267 -00.124260 +00.084257 -09.975029 +0.000972 +0.002327 +0.003076 +04.74
481298272 -00.071953 -00.012514 -09.790006 -0.003496 +0.001845 +0.002117 +07.70
481298277 -00.159314 -00.046886 -09.691170 -0.001119 -0.003140 +0.002903 +13.02
481298282 -00.279950 -00.080177 -09.735467 +0.001095 +0.000664 +0.006374 +13.02
481298287 -00.124591 +00.050258 -09.899244 +0.001836 +0.004398 +0.013612 +07.26
481298292 -00.124591 +00.050258 -09.899244 +0.008460 +0.008708 +0.007355 +08.12
481298297 -00.037576 +00.198018 -09.863409 +0.005288 +0.005704 +0.003882 +09.91
481298302 -00.095633 +00.126359 -09.864760 -0.000822 +0.009131 +0.008738 +09.73
481298307 -00.057537 +00.025402 -09.756100 -0.000667 +0.005287 +0.008104 +09.40
481298312 -00.135426 +00.076245 -09.575222 +0.000623 -0.001723 +0.004954 +09.40
481298317 -00.318662 -00.013833 -09.692161 +0.002171 -0.002926 +0.009829 +08.77
481298322 -00.318662 -00.013833 -09.692161 +0.002171 -0.002926 +0.009829 +10.87
481298327 -00.125540 -00.127740 -09.710881 +0.000397 +0.004393 +0.013607 +15.11
481298332 +00.019838 +00.068563 -09.764442 +0.004261 +0.012612 +0.013004 +10.27
481298337 -00.085745 +00.283803 -09.867575 +0.004930 +0.004033 +0.007492 +05.65
481298342 -00.129096 +00.160326 -09.945601 -0.005242 -0.000060 +0.000379 +05.65
481298347 -00.047537 +00.092729 -09.821884 -0.002648 +0.004813 -0.002119 +09.70
481298352 -00.047537 +00.092729 -09.821884 +0.001661 +0.005458 -0.001317 +12.72
481298357 -00.231190 -00.069578 -09.853966 -0.000750 +0.000308 -0.001334 +10.54
481298362 -00.293857 -00.069440 -09.887841 +0.002384 +0.000048 +0.005120 +12.67
481298367 -00.124977 -00.012395 -09.819036 +0.002388 +0.010927 +0.007809 +02.91
481298372 +00.087422 +00.187513 -09.710069 +0.001885 +0.007685 +0.009374 +02.91
481298377 -00.018716 +00.239869 -09.724656 +0.002052 +0.001463 +0.006850 +07.13
481298382 -00.018716 +00.239869 -09.724656 +0.001590 +0.000214 +0.004646 +13.25
481298387 -00.130025 +00.077483 -09.727541 -0.002828 -0.000980 -0.001657 +14.56
481298392 -00.270349 -00.004194 -09.691628 -0.001599 -0.004901 +0.002427 +09.24
481298397 -00.386264 -00.066244 -09.717177 +0.004763 -0.004134 +0.005907 +16.63
481298402 -00.120446 -00.103385 -09.772453 +0.004602 +0.010892 +0.010331 +16.63
481298407 +00.087861 +00.169434 -09.834088 +0.004602 +0.010892 +0.010331 +15.14
481298412 +00.087861 +00.169434 -09.834088 +0.006237 +0.015121 +0.007672 -02.64
481298417 -00.105012 +00.217300 -09.906623 -0.002590 +0.008308 +0.009517 +08.00
481298422 -00.119622 +00.074345 -09.927487 -0.005579 +0.004865 +0.003529 +06.08
481298427 -00.120501 +00.015387 -09.713907 -0.004752 +0.002839 +0.000071 +06.73
481298432 -00.217213 -00.013583 -09.696041 -0.001085 -0.003557 -0.000870 +06.73
481298437 -00.245715 +00.011162 -09.815042 +0.002392 -0.007452 +0.002122 +00.78
481298442 -00.245715 +00.011162 -09.815042 -0.001138 +0.001783 +0.006211 +09.04
481298447 -00.076357 +00.093014 -09.864987 +0.002839 +0.003203 +0.008584 -00.08
481298452 -00.008512 +00.207771 -09.882090 +0.004271 +0.001757 +0.008901 +12.98
481298457 -00.057228 +00.149710 -09.792723 +0.002824 +0.002375 +0.009997 +11.64
481298462 -00.072107 +00.058488 -09.722502 -0.002589 +0.001914 +0.007620 +11.64
481298467 -00.217343 +00.062226 -09.633241 -0.002073 -0.000258 +0.003218 +14.58
481298472 -00.217343 +00.062226 -09.633241 -0.002073 -0.000258 +0.003218 +14.13
481298477 -00.342687 +00.000655 -09.720770 +0.002529 +0.003379 +0.007640 +05.10
481298482 -00.062671 -00.122687 -09.729324 -0.002374 +0.012886 +0.004967 +17.98
481298487 +00.024704 +00.135227 -09.749326 -0.001445 +0.007879 +0.006691 +09.11
481298492 -00.177333 +00.274496 -09.920860 -0.001445 +0.007879 +0.006691 +09.11
481298497 -00.153349 +00.136275 -09.927048 -0.000101 -0.002038 +0.013752 +02.84
481298502 -00.153349 +00.136275 -09.927048 -0.005889 +0.002642 +0.001953 +08.19
481298507 -00.037701 +00.064594 -09.879274 -0.002029 -0.000018 -0.001339 +05.65
481298512 -00.274939 -00.117822 -09.797773 +0.000793 -0.002344 +0.003696 +15.54
481298517 -00.264942 -00.079034 -09.873418 +0.003691 +0.001063 +0.002454 +04.83
481298522 -00.057376 +00.025747 -09.798951 -0.001417 +0.019921 +0.007182 +04.83
481298527 +00.020269 +00.231179 -09.819659 -0.009210 +0.019959 +0.003226 +01.73
481298532 +00.020269 +00.231179 -09.819659 -0.003686 +0.007705 +0.006997 +01.27
481298537 +00.010499 +00.202389 -09.801036 -0.003046 -0.002685 +0.003997 +06.97
481298542 -00.057549 +00.015863 -09.756213 +0.003394 -0.000975 -0.000536 +14.02
481298547 -00.241454 -00.028095 -09.677375 +0.002757 -0.006411 -0.002276 +08.58
481298552 -00.333227 -00.042555 -09.683103 +0.006444 -0.005865 +0.013454 +08.58
481298557 -00.091410 -00.074670 -09.776624 -0.001800 +0.008134 +0.010462 +09.73
481298562 -00.091410 -00.074670 -09.776624 -0.002231 +0.012217 +0.006538 +05.49
481298567 +00.044391 +00.183613 -09.829536 -0.004181 +0.003517 +0.007460 +12.57
481298572 -00.095276 +00.193704 -09.935389 -0.004181 +0.003517 +0.007460 +12.67
481298577 -00.110302 +00.059367 -09.841870 -0.004184 +0.002393 +0.007459 +08.15
481298582 -00.154367 +00.000932 -09.704848 -0.004139 +0.002474 +0.002744 +08.15
481298587 -00.275125 -00.004089 -09.705954 +0.004625 -0.000418 +0.004655 +18.43
481298592 -00.275125 -00.004089 -09.705954 +0.001120 +0.001029 +0.003860 +13.23
481298597 -00.197168 +00.035570 -09.871476 +0.002062 +0.004199 +0.006540 +07.59
481298602 +00.010666 +00.140926 -09.868428 +0.003357 +0.011587 +0.007028 +13.79
481298607 -00.032471 +00.217643 -09.929800 +0.001569 +0.004653 +0.008111 +00.34
481298612 -00.013669 +00.135723 -09.821082 +0.001282 +0.002312 +0.004020 +00.34
481298617 -00.120180 +00.082656 -09.775014 -0.003627 +0.009090 +0.001185 +06.78
481298622 -00.120180 +00.082656 -09.775014 -0.005414 -0.000722 +0.001477 +06.61
481298627 -00.250943 +00.086386 -09.680866 -0.000028 -0.004784 +0.005261 +03.60
481298632 -00.275321 -00.071089 -09.678177 +0.003506 +0.005174 +0.006232 +05.54
481298637 -00.043295 -00.027414 -09.708982 +0.003313 +0.010868 +0.011427 +09.04
481298642 -00.062033 +00.168777 -09.792539 +0.003647 -0.001254 +0.006379 +09.04
481298647 -00.172523 +00.245929 -09.925918 -0.000204 -0.004174 +0.007147 +11.57
481298652 -00.172523 +00.245929 -09.925918 -0.000174 +0.003393 +0.006217 +08.32
481298657 -00.100183 +00.136463 -09.936108 -0.000174 +0.003393 +0.006217 +09.79
481298662 -00.076899 +00.020515 -09.746802 -0.000700 +0.009991 -0.003833 +06.73
481298667 -00.255709 -00.065665 -09.754133 -0.002842 +0.002193 +0.000705 +07.34
481298672 -00.211846 -00.064731 -09.858503 +0.001879 +0.001598 +0.008264 +07.34
481298677 +00.029846 +00.102620 -09.844905 +0.001916 +0.015255 +0.008286 +11.22
481298682 +00.029846 +00.102620 -09.844905 +0.005098 +0.014921 +0.009711 +09.79
481298687 +00.015412 +00.264400 -09.800261 +0.005052 +0.004127 +0.011422 +05.86
481298692 +00.005573 +00.130840 -09.801925 -0.001442 -0.000909 +0.003848 +06.28
481298697 -00.144780 +00.038838 -09.670983 +0.002598 -0.002253 -0.001169 +05.33
481298702 -00.352643 -00.047557 -09.659521 -0.001469 -0.005274 +0.005413 +05.33
481298707 -00.328260 -00.113586 -09.745805 +0.002549 -0.001381 +0.004175 +09.52
481298712 -00.328260 -00.113586 -09.745805 +0.004795 +0.004397 +0.004978 +08.89
481298717 -00.038214 -00.012597 -09.770667 +0.000514 +0.012118 +0.003561 +06.08
481298722 +00.020070 +00.202218 -09.777146 -0.000925 +0.006996 +0.002134 +07.34
481298727 -00.100510 +00.131003 -09.850462 -0.003683 +0.000676 +0.004629 +03.98
481298732 -00.091147 +00.001984 -09.818573 -0.006080 +0.002426 +0.005095 +03.98
481298737 -00.173570 -00.017878 -09.743332 -0.001450 -0.002842 +0.004159 +14.75
481298742 -00.173570 -00.017878 -09.743332 -0.001450 -0.002842 +0.004159 +12.87
481298747 -00.284367 +00.015813 -09.810561 +0.003789 -0.002885 +0.007792 +12.25
481298752 -00.143972 -00.035514 -09.914712 +0.003561 +0.002267 +0.016443 +11.93
481298757 +00.030127 +00.179312 -09.891615 +0.003802 +0.006891 +0.009222 +03.53
481298762 -00.071455 +00.174025 -09.854463 +0.001419 -0.000767 +0.005587 +03.53
481298767 -00.066861 +00.049880 -09.836843 +0.000204 +0.003500 +0.000089 +16.99
481298772 -00.066861 +00.049880 -09.836843 -0.003505 +0.005984 +0.004324 +04.88
481298777 -00.188056 +00.091478 -09.704070 -0.000020 -0.003011 +0.004950 +07.72
481298782 -00.284980 +00.009739 -09.648734 -0.000906 -0.001765 -0.002281 +06.63
481298787 -00.251332 -00.071384 -09.635115 +0.000003 +0.005344 +0.004963 +10.50
481298792 -00.028732 -00.012961 -09.722970 +0.000003 +0.005344 +0.004963 +10.50
481298797 -00.081203 +00.188082 -09.825810 +0.002031 +0.009899 +0.011421 +15.36
481298802 -00.081203 +00.188082 -09.825810 -0.002311 +0.001041 +0.011706 +11.96
481298807 -00.143535 +00.265028 -09.920679 +0.002539 +0.004357 +0.006856 +12.80
481298812 -00.042496 +00.131238 -09.864242 +0.002625 +0.006271 -0.001627 +06.97
481298817 -00.096128 -00.017372 -09.785511 +0.000371 +0.002074 -0.001013 +09.88
481298822 -00.294184 -00.074900 -09.802195 +0.002088 +0.002487 +0.003394 +09.88
481298827 -00.187588 -00.064450 -09.886861 +0.002088 +0.002487 +0.003394 +08.43
481298832 -00.187588 -00.064450 -09.886861 +0.003856 +0.002351 +0.002300 +11.23
481298837 +00.039146 +00.125642 -09.739791 +0.000313 +0.001331 +0.004801 +10.79
481298842 -00.004069 +00.264015 -09.757577 +0.001716 +0.002712 +0.008894 +10.97
481298847 -00.052230 +00.102526 -09.855142 -0.004348 -0.003370 +0.006192 +12.70
481298852 -00.193015 -00.018187 -09.710171 -0.001247 -0.003882 -0.000714 +12.70
481298857 -00.376634 -00.061531 -09.707514 +0.004046 -0.000791 -0.001791 +15.17
481298862 -00.376634 -00.061531 -09.707514 +0.002212 -0.000135 +0.006376 +13.80
481298867 -00.270370 -00.113618 -09.726256 +0.001257 +0.010580 +0.009062 +12.18
481298872 +00.024804 +00.064110 -09.802547 -0.007161 +0.018957 +0.005903 +11.60
481298877 +00.049448 +00.260200 -09.861920 -0.004769 +0.018476 +0.006382 +10.95
481298882 -00.100436 +00.093117 -09.884242 +0.000772 +0.006572 +0.008425 +10.95
481298887 -00.100758 +00.025848 -09.823136 -0.001411 +0.003783 +0.001970 +07.53
481298892 -00.100758 +00.025848 -09.823136 -0.001405 +0.006193 +0.001974 +10.35
481298897 -00.164009 -00.065628 -09.734290 -0.000355 -0.000482 +0.007310 +08.55
481298902 -00.197770 +00.024765 -09.714466 +0.000163 +0.001668 +0.003858 +16.88
481298907 -00.114834 +00.069509 -09.917979 +0.006674 +0.004015 +0.008913 +09.88
481298912 -00.042383 +00.188547 -09.873087 +0.006674 +0.004015 +0.008913 +09.88
481298917 -00.124435 +00.193260 -09.888028 +0.000777 +0.003863 +0.007164 +00.18
481298922 -00.124435 +00.193260 -09.888028 +0.002852 +0.003546 +0.007327 +13.28
481298927 -00.067142 +00.039766 -09.765537 +0.001717 +0.004471 +0.009368 +08.89
481298932 -00.144792 +00.110147 -09.641569 +0.002231 -0.001859 +0.003859 +17.08
481298937 -00.318831 +00.033361 -09.629700 +0.003190 -0.005052 +0.002914 +13.65
481298942 -00.188234 -00.108640 -09.730246 +0.007825 +0.001040 +0.004669 +13.65
481298947 +00.010115 +00.035119 -09.760160 +0.003842 +0.010641 +0.006085 +09.04
481298952 +00.010115 +00.035119 -09.760160 +0.002892 +0.010332 +0.005138 -01.66
481298957 -00.080944 +00.221928 -09.882550 -0.003070 +0.002868 +0.008092 +09.51
481298962 -00.138713 +00.179421 -09.950220 -0.003172 +0.003292 +0.002120 +06.55
481298967 -00.052129 +00.097987 -09.883766 -0.000586 -0.000323 -0.001963 +07.22
481298972 -00.212226 -00.056036 -09.753642 -0.001279 -0.003141 +0.002902 +07.22
481298977 -00.323074 -00.060499 -09.821322 +0.003811 +0.001151 +0.006698 +01.35
481298982 -00.323074 -00.060499 -09.821322 -0.001290 +0.012828 +0.008585 +13.90
481298987 -00.158484 -00.011813 -09.900272 -0.000189 +0.008962 +0.009369 +01.08
481298992 +00.073210 +00.169058 -09.791363 -0.000189 +0.008962 +0.009369 +09.52
481298997 -00.028003 +00.226386 -09.829658 -0.000200 +0.004946 +0.009362 +06.60
481299002 -00.047972 +00.087039 -09.707669 -0.000786 +0.005360 +0.003860 +06.60
481299007 -00.197887 -00.023043 -09.700747 +0.001309 +0.000602 +0.000717 +07.78
481299012 -00.197887 -00.023043 -09.700747 -0.002882 -0.005233 +0.002736 -01.66
481299017 -00.357362 -00.071106 -09.697936 -0.000373 -0.005790 +0.007616 +10.41
481299022 -00.125290 -00.127203 -09.777539 +0.002207 +0.003694 +0.007954 +15.93
481299027 +00.083047 +00.155193 -09.843822 +0.002855 +0.009627 +0.008751 +12.61
481299032 -00.037358 +00.241287 -09.905753 +0.003495 +0.005474 +0.007490 +12.61
481299037 -00.105159 +00.093337 -09.912852 -0.000434 +0.003819 +0.000087 +15.07
481299042 -00.105159 +00.093337 -09.912852 -0.006817 +0.004773 -0.000719 +02.60
481299047 -00.134638 +00.039894 -09.799454 -0.006340 +0.004290 -0.000561 +05.78
481299052 -00.217402 -00.075814 -09.668207 +0.000448 +0.002565 +0.007789 +18.41
481299057 -00.284459 -00.012918 -09.796616 +0.005036 +0.006017 +0.013625 +03.07
481299062 -00.090882 +00.107176 -09.850660 +0.004800 +0.011922 +0.006562 +03.07
481299067 -00.037381 +00.184171 -09.920714 +0.003039 +0.009192 +0.006080 +09.11
481299072 -00.037381 +00.184171 -09.920714 -0.001295 +0.005943 +0.007160 +03.10
481299077 -00.085974 +00.112109 -09.869607 -0.001295 +0.005943 +0.007160 +08.68
481299082 -00.057367 +00.059055 -09.789034 -0.006410 +0.004005 +0.006668 +07.33
481299087 -00.236639 +00.066994 -09.638114 -0.001878 +0.004443 +0.000869 +03.51
481299092 -00.352532 -00.004518 -09.673297 +0.000659 -0.004536 +0.000392 +03.51
481299097 -00.048227 -00.103733 -09.709927 +0.007546 +0.001112 +0.000424 +16.03
481299102 -00.048227 -00.103733 -09.709927 +0.009986 +0.012229 -0.000807 +05.89
481299107 +00.053754 +00.121172 -09.773050 +0.003512 +0.009501 +0.006868 +07.64
481299112 -00.090565 +00.264793 -09.877365 +0.005075 -0.000789 +0.007642 +02.87
481299117 -00.075972 +00.207976 -09.925529 -0.002390 +0.003744 +0.004009 +16.41
481299122 -00.047558 +00.064151 -09.826983 -0.002508 +0.006377 +0.000399 +16.41
481299127 -00.260237 -00.079292 -09.840047 -0.001378 -0.000634 -0.002752 +05.15
481299132 -00.260237 -00.079292 -09.840047 +0.000040 +0.004611 +0.000876 +04.87
481299137 -00.293761 -00.064479 -09.911591 +0.002422 +0.010028 +0.004036 +02.66
481299142 -00.105458 +00.016607 -09.861381 +0.005321 +0.014875 +0.003111 +01.85
481299147 +00.039265 +00.201989 -09.743649 +0.000360 +0.008291 +0.001826 +05.80
481299152 -00.033087 +00.183030 -09.777834 -0.004608 +0.004891 +0.002275 +05.80
481299157 -00.110696 +00.044253 -09.742052 -0.005759 +0.000990 +0.004622 +11.91
481299162 -00.110696 +00.044253 -09.742052 -0.005759 +0.000990 +0.004622 +09.84
481299167 -00.279973 -00.004137 -09.701235 +0.002403 -0.005034 +0.001654 +15.58
481299172 -00.313774 -00.089786 -09.735874 +0.006037 -0.001420 +0.007173 +06.48
481299177 -00.062532 -00.098610 -09.757609 +0.003155 +0.007194 +0.010163 +05.99
481299182 +00.092298 +00.168600 -09.729298 +0.002284 +0.013745 +0.002784 +05.99
481299187 -00.104997 +00.174530 -09.926176 +0.001651 +0.010556 +0.001205 +01.87
481299192 -00.104997 +00.174530 -09.926176 +0.000992 +0.003803 +0.001349 +06.59
481299197 -00.114454 +00.060815 -10.022840 -0.007976 -0.000100 +0.002098 +07.65
481299202 -00.120260 -00.017384 -09.790483 -0.006494 +0.005259 -0.000874 +10.07
481299207 -00.217065 -00.022776 -09.739005 +0.000141 +0.001788 +0.006215 +10.40
481299212 -00.216435 +00.035645 -09.885927 +0.000141 +0.001788 +0.006215 +10.40
481299217 -00.013250 +00.169914 -09.920673 +0.001127 +0.010633 +0.005918 +10.59
481299222 -00.013250 +00.169914 -09.920673 -0.002231 +0.010618 +0.006064 +16.96
481299227 -00.003623 +00.264974 -09.876609 +0.000165 +0.001831 +0.003701 +12.00
481299232 -00.028157 +00.097653 -09.835943 -0.002509 +0.001579 -0.000866 +03.51
481299237 -00.081706 +00.077622 -09.731883 +0.003118 +0.002939 -0.003988 +05.81
481299242 -00.207668 +00.086055 -09.628113 +0.004501 -0.009146 -0.001645 +05.81
481299247 -00.304271 -00.061572 -09.683077 +0.004501 -0.009146 -0.001645 +05.28
481299252 -00.304271 -00.061572 -09.683077 +0.005866 -0.001439 +0.008273 +13.54
481299257 -00.043467 -00.089607 -09.685909 +0.006843 +0.009149 +0.009393 +06.27
481299262 -00.047778 +00.125500 -09.745308 +0.005697 +0.008295 +0.012059 +10.87
481299267 -00.201585 +00.264715 -09.897376 -0.000050 +0.000292 +0.009041 +08.90
481299272 -00.158066 +00.141265 -09.955601 -0.001096 +0.005375 +0.002916 +08.90
481299277 -00.081674 -00.031688 -09.780793 +0.000204 +0.007337 +0.001195 +10.07
481299282 -00.081674 -00.031688 -09.780793 -0.001104 +0.002003 +0.002754 +11.30
481299287 -00.241168 -00.094059 -09.778152 -0.002072 +0.003743 +0.004168 +05.54
481299292 -00.284101 -00.064459 -09.911507 +0.002367 +0.005293 +0.008429 +12.10
481299297 -00.018484 +00.107212 -09.835746 +0.003674 +0.012383 +0.007501 +07.40
481299302 +00.039544 +00.264412 -09.795289 -0.002578 +0.008330 +0.008259 +07.40
481299307 +00.025022 +00.173957 -09.820294 -0.004513 +0.005093 +0.009191 +06.14
481299312 +00.025022 +00.173957 -09.820294 -0.004520 +0.002522 +0.009186 +12.66
481299317 -00.062516 +00.020315 -09.718108 -0.009847 +0.002216 -0.002148 +12.15
481299322 -00.275314 -00.052050 -09.673190 -0.001163 -0.002740 +0.007618 +06.17
481299327 -00.280212 -00.075983 -09.663991 +0.002864 +0.006604 +0.007018 +10.58
481299332 -00.067055 +00.011419 -09.799205 +0.002864 +0.006604 +0.007018 +10.58
481299337 +00.044261 +00.192844 -09.791333 +0.003511 +0.012856 +0.007973 +01.62
481299342 +00.044261 +00.192844 -09.791333 +0.000168 +0.012068 +0.006389 +10.52
481299347 -00.134104 +00.159932 -09.898030 -0.007149 +0.005069 +0.000695 +06.97
481299352 -00.129553 +00.030941 -09.870944 -0.001429 -0.001206 +0.002433 +05.12
481299357 -00.159146 -00.027502 -09.729035 +0.000814 +0.000412 +0.002286 +11.75
481299362 -00.284704 -00.022955 -09.734832 +0.001040 +0.002802 +0.012820 +11.75
481299367 -00.177840 -00.011930 -09.890917 -0.000389 +0.000735 +0.011241 +07.87
481299372 -00.177840 -00.011930 -09.890917 +0.000465 +0.008352 +0.007641 +15.06
481299377 -00.003740 +00.150588 -09.887486 -0.005258 +0.011742 +0.005427 +09.53
481299382 -00.047048 +00.179382 -09.920855 -0.003661 +0.000235 +0.002271 +10.24
481299387 -00.033168 +00.068721 -09.798233 -0.001909 +0.005987 +0.004486 +07.72
481299392 -00.139758 +00.063040 -09.713511 -0.001108 +0.004874 +0.004016 +07.72
481299397 -00.251206 +00.009732 -09.638917 +0.002247 -0.001990 +0.002130 +10.50
481299402 -00.251206 +00.009732 -09.638917 +0.005260 -0.000423 +0.005129 +14.84
481299407 -00.222318 -00.099786 -09.654247 +0.001296 +0.005054 +0.003395 +14.48
481299412 -00.038397 -00.003481 -09.718180 +0.001296 +0.005054 +0.003395 +16.55
481299417 -00.051946 +00.222027 -09.887060 +0.001630 +0.010357 +0.003405 +11.14
481299422 -00.133868 +00.269817 -09.920538 -0.003253 -0.000692 +0.009500 +11.14
481299427 -00.047207 +00.126728 -09.897669 -0.000817 -0.002851 +0.004790 +07.59
481299432 -00.047207 +00.126728 -09.897669 -0.002080 +0.008525 +0.006376 +04.39
481299437 -00.105871 -00.012815 -09.761733 -0.004943 +0.001662 +0.003054 +02.40
481299442 -00.303689 -00.065075 -09.840256 +0.003314 -0.000640 +0.007951 +04.87
481299447 -00.168212 -00.035756 -09.891115 +0.004124 +0.008815 +0.009540 +04.24
481299452 +00.039513 +00.107409 -09.844765 +0.004635 +0.010951 +0.006874 +04.24
481299457 +00.005742 +00.216802 -09.815193 +0.004156 +0.005675 +0.005292 -03.41
481299462 +00.005742 +00.216802 -09.815193 -0.000594 +0.002381 -0.000387 +09.61
481299467 -00.018696 +00.135291 -09.768749 -0.004571 -0.000319 -0.003077 +06.94
481299472 -00.202586 -00.018015 -09.734061 -0.003162 -0.006283 -0.001667 +07.58
481299477 -00.420270 -00.052467 -09.660166 +0.000982 -0.004688 -0.000079 +06.33
481299482 -00.275165 -00.113552 -09.735820 -0.000651 +0.004835 +0.006375 +06.33
481299487 -00.023525 +00.082972 -09.788457 +0.002237 +0.012860 +0.007497 +11.14
481299492 -00.023525 +00.082972 -09.788457 -0.000981 +0.014727 +0.010318 +11.13
481299497 +00.006028 +00.231686 -09.886443 -0.000981 +0.014727 +0.010318 +01.56
481299502 -00.105291 +00.088299 -09.879579 -0.002432 +0.005746 +0.009042 +09.11
481299507 -00.086421 +00.030302 -09.780102 -0.000819 +0.006738 +0.007791 +07.52
481299512 -00.173726 -00.041993 -09.710285 -0.000805 +0.003247 +0.005271 +07.52
481299517 -00.231244 -00.003115 -09.815086 +0.002057 -0.002366 +0.005272 +01.33
481299522 -00.231244 -00.003115 -09.815086 +0.001232 +0.001103 +0.008889 +07.78
481299527 -00.071517 +00.074024 -09.874693 -0.002381 +0.004719 +0.003382 +17.57
481299532 +00.054361 +00.189055 -09.910337 -0.002381 +0.004719 +0.003382 +02.00
481299537 -00.076040 +00.184052 -09.916289 -0.001221 +0.006717 -0.000382 +09.53
481299542 -00.062114 +00.054468 -09.812938 -0.000605 +0.006517 +0.001977 +09.53
481299547 -00.183278 +00.105642 -09.684813 +0.000943 -0.001561 +0.004955 +06.38
481299552 -00.183278 +00.105642 -09.684813 -0.000331 -0.000278 +0.004796 +04.12
481299557 -00.366911 +00.038491 -09.687199 -0.001311 -0.000960 +0.006834 +18.78
481299562 -00.193155 -00.123111 -09.711413 +0.001714 +0.004787 +0.009683 +09.04
481299567 +00.019508 +00.034564 -09.688657 +0.005553 +0.008643 +0.010488 +05.16
481299572 -00.105298 +00.202417 -09.835373 +0.002352 +0.003027 +0.009368 +05.16
481299577 -00.133924 +00.174585 -09.940712 -0.002258 +0.000496 +0.006048 +13.08
481299582 -00.133924 +00.174585 -09.940712 -0.002258 +0.000496 +0.006048 +08.32
481299587 -00.047395 +00.093036 -09.859974 -0.002063 +0.006956 +0.004173 -00.76
481299592 -00.192720 -00.050843 -09.801030 +0.000064 +0.007053 -0.001006 +13.79
481299597 -00.318221 -00.069951 -09.830916 +0.003493 -0.002363 +0.005434 +08.12
481299602 -00.134611 -00.059916 -09.843491 +0.000770 +0.002411 +0.007476 +08.12
481299607 +00.092433 +00.149868 -09.772375 +0.003663 +0.007726 +0.007337 +08.74
481299612 +00.092433 +00.149868 -09.772375 +0.000434 +0.005898 +0.010152 +16.11
481299617 -00.028211 +00.230694 -09.772466 +0.001896 +0.005147 +0.007484 +10.96
481299622 -00.076670 +00.059053 -09.793963 +0.002759 +0.002227 -0.000062 +11.93
481299627 -00.202780 +00.010101 -09.671826 -0.000941 +0.000572 +0.001966 +20.14
481299632 -00.366804 -00.027857 -09.740364 -0.000941 +0.000572 +0.001966 +20.14
481299637 -00.212460 -00.151652 -09.726203 +0.002885 +0.003925 +0.004028 +08.83
481299642 -00.212460 -00.151652 -09.726203 +0.002680 +0.009439 +0.010322 +09.58
481299647 +00.068068 +00.068510 -09.744977 +0.000585 +0.010678 +0.012517 +06.67
481299652 -00.037576 +00.198018 -09.863409 +0.001406 +0.001929 +0.007634 +10.32
481299657 -00.085732 +00.093608 -09.941252 -0.003008 +0.004259 +0.001965 +10.54
481299662 -00.067035 +00.039996 -09.794105 -0.000125 +0.002042 +0.000714 +10.54
481299667 -00.154407 -00.056223 -09.715048 -0.000125 +0.002042 +0.000714 +07.02
481299672 -00.154407 -00.056223 -09.715048 -0.002076 -0.002820 +0.002743 +08.67
481299677 -00.255501 -00.003396 -09.786728 +0.001539 -0.005314 +0.008409 +11.31
481299682 -00.143882 +00.045526 -09.908991 -0.000052 -0.000672 +0.009039 +05.73
481299687 -00.032661 +00.221990 -09.877369 -0.000504 +0.009448 +0.009054 +11.57
481299692 -00.119846 +00.159463 -09.836007 -0.004483 +0.009145 +0.007154 +11.57
481299697 -00.105817 +00.053878 -09.751420 -0.002534 +0.004411 +0.002596 +08.12
481299702 -00.105817 +00.053878 -09.751420 -0.000366 +0.001576 +0.009042 +13.35
481299707 -00.183314 +00.105566 -09.675291 -0.003527 -0.002049 +0.004311 +16.28
481299712 -00.323593 -00.009304 -09.663579 +0.000939 -0.000290 +0.005743 +09.35
481299715 -00.062753 -00.103840 -09.700530 +0.004516 +0.009426 +0.002156 +07.88
481299720 +00.058328 +00.049297 -09.731003 +0.003401 +0.019181 +0.004525 +07.88
481299725 -00.046850 +00.260651 -09.943701 -0.002872 +0.009333 +0.005903 +06.86
481299730 -00.046850 +00.260651 -09.943701 -0.002907 -0.003681 +0.005882 +07.15
481299735 -00.119019 +00.232576 -10.030373 -0.000634 +0.003906 +0.004330 +03.81
481299740 -00.008826 +00.078693 -09.845523 +0.000856 +0.003206 -0.001324 +05.30
481299745 -00.168602 -00.074639 -09.801102 +0.001927 -0.002312 +0.002129 +07.70
481299750 -00.322929 -00.031654 -09.849551 +0.001927 -0.002312 +0.002129 +07.70
481299755 -00.163392 -00.016745 -09.881325 +0.005240 +0.000021 +0.007330 +11.13
481299760 -00.163392 -00.016745 -09.881325 +0.006857 +0.009813 +0.008137 +08.65
481299765 +00.005668 +00.188110 -09.806009 +0.001411 +0.004655 +0.007953 +11.64
481299770 -00.042817 +00.197126 -09.753942 +0.000100 +0.006671 +0.011881 +09.46
481299775 -00.062348 +00.039699 -09.755972 -0.000346 +0.004490 +0.007789 -00.39
481299780 -00.212669 -00.028457 -09.624749 +0.004030 -0.004018 -0.001010 -00.39
481299785 -00.343005 -00.038075 -09.649802 +0.004175 -0.007720 -0.000544 +02.72
481299790 -00.343005 -00.038075 -09.649802 +0.003831 +0.001028 +0.004498 -01.22